10 1
2 6
13 0
1 3
8 8
16 6
13 8
7 9
14 7
4 7
17 7
12 8
10 9
18 7
3 9
1 2
9 7
12 6
17 2
19 2
0 5
18 8
1 7
14 3
18 0
10 2
6 0
3 7
17 5
5 6
0 9
3 5
12 2
2 4
17 8
3 0
10 4
7 3
11 9
3 8
15 0
11 0
4 9
6 8
7 1
6 9
12 7
10 3
5 4
5 2
7 6
12 1
7 4
14 1
9 0
11 6
8 9
16 5
19 1
0 1
1 4
1 8
15 5
18 2
12 4
8 6
3 6
4 6
14 0
13 3
14 6
2 8
8 4
6 7
19 6
3 4
19 0
5 9
14 2
16 0
9 1
2 1
2 7
18 5
3 1
0 3
11 3
17 0
15 2
0 8
13 7
4 0
17 1
1 6
4 5
19 3
10 7
12 9
10 6
15 1
0 7
16 2
16 1
5 1
4 4
9 2
16 9
17 9
15 4
8 7
7 5
1 9
4 8
6 4
8 2
8 5
9 8
12 5
4 1
4 3
13 6
18 6
11 1
17 4
6 5
2 0
0 6
13 1
1 1
12 0
9 4
9 3
11 8
5 8
16 8
9 5
5 0
13 4
5 7
6 1
19 8
7 7
18 4
19 4
14 4
7 0
3 2
0 4
11 5
14 8
1 5
2 3
6 6
0 0
16 4
15 3
18 3
18 1
2 5
16 7
11 2
6 2
15 9
15 7
15 8
7 8
10 8
10 5
13 9
19 5
13 5
14 9
19 7
8 0
5 5
11 7
2 9
8 1
17 3
9 6
