271 4
759 8
615 0
653 2
59 9
279 9
344 5
658 5
615 9
538 7
931 5
509 1
508 3
814 1
229 4
713 9
666 1
3 3
737 1
540 8
623 5
853 1
176 8
563 1
123 2
534 5
185 9
452 7
109 2
939 2
394 8
815 1
24 4
528 5
959 1
453 0
977 0
171 6
874 3
638 6
224 2
480 0
359 5
726 1
247 6
879 4
212 6
955 2
223 6
233 4
600 6
354 7
617 1
565 1
976 3
535 2
876 9
554 4
229 8
656 2
56 2
696 9
70 7
218 7
872 2
575 3
261 6
699 6
929 1
365 9
808 9
986 3
255 4
175 6
651 3
767 1
944 0
592 4
874 0
383 7
523 1
953 4
753 6
181 8
664 7
407 0
775 1
220 4
831 1
81 4
634 7
184 3
215 4
305 9
411 0
215 8
339 6
472 5
588 5
721 1
657 5
995 9
557 5
665 2
47 3
900 3
106 2
427 2
169 2
288 6
359 2
900 0
644 7
532 1
248 9
149 0
577 9
844 6
884 7
219 8
909 9
626 0
609 1
171 3
337 7
773 4
397 6
805 2
579 1
439 0
319 7
565 5
931 2
620 9
413 9
964 8
215 0
171 5
479 5
64 7
204 4
812 2
301 6
736 4
860 0
978 4
647 7
140 2
732 3
224 8
291 5
851 0
293 8
457 9
142 6
173 6
100 9
443 3
923 8
575 2
445 7
441 9
479 6
372 5
72 9
567 4
46 0
717 8
971 3
6 2
380 8
154 8
804 7
735 6
844 3
493 6
349 3
241 8
747 6
597 5
474 6
370 3
261 9
918 9
345 6
396 2
820 2
92 8
10 0
151 0
795 6
30 3
697 4
568 0
515 8
575 7
596 6
143 5
469 0
639 2
282 4
757 7
183 0
980 7
742 6
400 8
677 7
129 6
630 9
717 2
269 3
712 6
456 1
451 9
471 4
125 2
889 1
956 6
734 7
822 4
182 7
462 0
925 3
659 9
579 9
436 2
183 4
46 6
597 6
761 5
310 5
660 7
722 6
727 8
302 2
790 0
757 2
409 4
240 6
999 0
337 8
339 4
75 1
685 1
727 5
107 3
819 2
226 4
498 0
780 3
289 2
936 9
960 2
628 7
861 0
10 2
875 0
149 6
613 5
749 0
599 2
146 1
10 7
660 1
900 2
653 0
912 0
614 5
207 4
930 0
162 7
937 6
144 4
202 2
413 6
647 4
32 2
196 9
916 9
30 1
109 9
527 0
527 7
240 2
673 7
354 5
661 1
625 7
863 9
200 2
599 1
539 6
242 7
305 0
770 6
415 8
705 9
44 8
325 0
905 3
601 5
45 2
504 0
414 1
623 6
972 0
197 0
965 9
103 1
924 7
454 4
466 7
750 4
108 2
48 6
602 1
623 9
712 4
714 2
470 2
906 3
181 2
442 3
503 1
551 0
749 9
99 2
592 6
241 4
428 2
223 9
691 0
830 8
945 5
12 4
363 8
589 0
334 6
811 3
180 3
201 8
730 9
298 9
83 9
181 6
466 3
587 0
362 2
362 3
221 3
858 5
955 6
587 4
663 0
602 8
782 1
921 9
671 5
897 8
93 4
585 1
144 6
133 1
490 2
397 1
764 8
886 8
739 8
333 4
603 0
906 4
352 0
311 9
165 1
644 0
409 7
531 1
139 9
410 0
181 3
324 6
98 8
88 2
533 3
166 7
241 7
209 4
429 6
103 7
619 1
888 0
167 3
922 3
935 1
757 3
125 9
762 7
596 9
1 2
128 5
69 2
137 6
421 4
534 4
369 4
215 2
20 7
529 7
570 8
718 0
916 0
978 5
345 0
423 0
372 3
294 9
671 7
24 6
520 7
377 2
19 1
553 1
753 5
543 0
382 0
740 2
404 6
792 0
721 3
754 0
946 2
493 0
448 8
866 0
455 1
157 9
142 4
101 9
85 1
608 8
537 9
596 0
722 2
790 8
121 1
198 3
416 7
292 7
545 7
844 0
29 7
53 0
641 6
42 1
477 1
750 5
898 6
642 2
78 7
644 6
377 8
430 2
521 7
34 8
703 6
160 9
436 0
955 7
211 4
707 6
312 4
27 8
233 7
572 2
631 3
200 6
793 1
189 2
627 8
607 7
343 2
805 7
495 0
933 3
136 0
163 3
628 8
331 3
693 4
259 4
357 8
417 2
82 1
198 2
486 0
559 7
270 3
112 2
828 0
884 2
514 5
88 0
263 2
818 3
706 3
422 5
631 6
214 3
433 1
634 1
982 6
376 2
859 5
989 1
510 0
20 4
582 9
147 7
11 7
302 0
726 6
219 3
901 4
676 8
477 0
254 0
82 4
952 0
716 3
99 7
773 3
485 3
603 8
617 2
648 9
108 6
167 7
823 0
610 4
929 8
473 7
702 2
727 2
688 3
367 5
223 2
744 0
393 4
862 2
877 9
787 7
194 9
697 1
246 9
192 5
631 7
914 9
488 6
68 9
135 7
359 0
209 5
144 5
410 2
334 7
903 3
654 4
161 8
248 7
139 0
173 9
815 9
899 0
508 9
704 9
320 2
522 5
24 8
895 5
906 1
944 5
17 1
926 9
33 7
164 2
842 7
885 2
705 1
174 7
28 1
635 1
783 0
349 2
225 5
799 3
730 5
17 5
445 6
905 8
745 9
966 1
577 8
595 9
387 3
469 3
553 4
483 2
237 0
143 7
241 6
726 9
71 7
972 2
481 7
350 7
537 6
295 9
374 2
134 0
203 9
246 5
486 2
87 4
732 4
787 3
965 6
301 8
433 4
6 1
297 6
222 7
454 8
390 6
536 3
373 0
142 1
78 0
555 0
681 9
847 8
220 2
215 3
861 9
190 9
366 0
69 1
28 0
698 7
6 3
814 8
643 9
828 4
79 2
663 8
856 3
615 4
214 8
161 7
362 0
659 3
984 6
814 5
558 2
966 0
643 6
635 9
833 0
980 4
452 5
850 1
583 5
188 0
665 8
141 4
786 3
979 1
714 7
696 6
368 6
612 7
471 1
470 3
748 1
14 7
761 3
121 0
916 5
711 4
860 3
667 4
898 0
407 2
560 7
391 3
442 7
985 6
426 7
89 1
349 6
562 1
158 4
225 0
957 5
764 6
408 3
201 2
362 6
803 9
101 0
18 0
663 7
104 7
777 5
278 7
629 0
642 0
810 8
255 6
174 2
863 7
785 6
202 5
567 6
656 9
328 3
607 1
598 7
301 0
504 5
115 4
186 0
35 3
791 6
614 8
63 0
256 4
399 1
286 5
268 5
956 3
545 6
940 3
832 8
474 7
490 6
963 1
7 2
463 7
72 6
962 9
403 5
636 3
455 4
570 1
277 7
679 5
155 6
887 4
277 9
636 8
487 9
507 1
104 4
819 6
665 9
600 1
708 2
55 6
122 0
973 6
538 3
35 5
174 6
700 6
308 0
158 7
136 8
652 2
855 9
138 0
411 1
480 5
412 6
488 7
453 9
943 5
767 0
912 2
40 0
353 6
773 0
682 7
852 7
176 6
135 3
651 1
891 8
557 0
188 3
958 2
821 5
811 4
791 8
21 5
369 6
18 4
448 1
953 9
413 7
183 7
472 1
302 8
707 9
796 9
762 5
786 0
108 3
799 2
304 5
97 5
424 8
564 9
13 7
407 7
223 4
3 4
95 8
297 5
776 8
374 4
131 5
376 7
356 5
467 9
258 7
631 2
199 3
786 8
34 1
38 9
290 0
440 8
824 8
209 2
854 2
34 7
2 3
213 8
929 9
696 2
158 2
842 5
444 8
939 4
609 8
125 6
977 5
812 9
683 6
637 5
691 4
817 6
958 8
121 3
147 8
801 8
371 6
481 0
682 5
560 3
424 4
557 7
21 8
13 9
140 8
62 1
414 0
717 3
617 6
762 2
734 3
690 4
830 9
469 6
91 8
362 7
321 9
445 1
152 9
649 7
690 1
938 9
879 6
828 9
999 1
570 0
478 4
470 0
379 4
219 6
913 4
858 6
596 5
430 8
216 8
911 6
760 8
837 5
548 5
733 4
673 9
277 5
195 6
890 1
428 5
34 2
192 8
148 9
389 2
708 1
286 4
656 7
868 2
440 4
7 0
238 2
971 2
837 0
224 6
674 7
169 6
643 4
300 5
826 8
661 7
675 5
38 7
941 5
234 2
19 0
857 6
120 8
868 7
9 9
920 0
320 9
588 8
715 0
254 5
213 7
695 0
442 0
601 2
224 0
51 8
340 1
538 2
662 9
648 1
381 7
526 0
444 2
481 9
622 3
120 0
267 3
608 2
401 1
419 3
819 1
874 9
532 3
860 5
87 6
476 1
982 3
126 4
164 0
304 6
737 4
901 1
708 9
940 7
390 4
793 5
5 5
208 6
151 6
676 9
561 7
821 2
316 1
950 3
990 2
484 2
766 7
565 8
4 1
781 4
16 0
941 0
71 8
794 4
252 9
274 8
456 8
526 1
40 3
789 1
502 1
103 5
618 7
42 8
704 4
253 4
660 3
483 1
531 9
758 8
746 0
475 5
629 3
904 1
526 7
629 5
201 3
263 5
322 9
81 3
380 5
839 8
734 8
136 1
299 7
684 1
103 6
307 2
933 4
145 1
978 3
826 9
289 6
524 1
876 8
16 5
565 7
21 4
94 1
225 7
847 4
469 7
92 7
728 5
263 6
736 9
500 9
266 3
901 5
279 4
216 7
657 1
141 5
894 1
184 8
711 1
805 0
206 3
173 0
62 7
612 1
421 6
850 5
366 2
512 9
544 7
716 8
841 0
748 6
601 0
22 8
932 7
832 0
399 4
897 5
544 4
216 0
223 7
738 2
427 8
235 0
703 1
630 7
935 2
553 5
528 6
724 5
260 7
783 2
373 2
871 2
943 2
473 5
538 0
987 0
665 1
618 6
614 9
385 2
822 1
586 7
621 1
112 9
317 9
556 1
368 4
174 9
191 5
599 6
321 2
556 4
207 3
590 1
600 8
100 4
548 0
638 9
617 0
525 2
256 5
248 3
910 8
734 0
914 0
213 3
43 8
848 5
528 9
782 9
449 0
988 1
237 9
143 3
671 0
155 0
632 7
557 8
269 7
486 6
621 4
604 6
570 4
914 7
866 3
67 7
942 5
772 4
588 0
265 9
455 9
580 1
476 9
998 7
410 1
625 8
593 7
712 5
779 7
321 7
509 6
605 7
153 8
316 9
39 0
936 7
728 1
342 7
68 7
719 2
683 9
225 8
598 0
641 2
15 9
53 4
664 6
66 2
545 3
672 4
153 0
110 8
392 0
506 7
436 3
198 0
781 9
999 9
346 9
90 7
488 8
464 6
178 8
51 6
339 8
478 3
654 3
58 1
113 1
66 6
990 7
115 3
257 4
130 5
269 8
222 2
221 4
246 8
892 3
831 9
649 5
772 6
405 0
483 7
811 8
663 6
380 3
687 9
938 4
339 1
487 7
628 3
802 7
771 0
718 2
703 2
789 8
757 4
316 4
145 6
455 3
680 7
245 5
388 4
619 0
890 5
742 4
774 5
550 4
925 1
688 0
795 2
105 6
570 2
293 5
987 4
686 9
144 2
788 8
728 4
360 2
488 4
460 1
105 5
595 4
584 4
194 2
309 3
560 4
65 2
797 4
473 9
107 4
181 0
101 1
660 8
381 0
907 6
709 5
850 0
810 5
923 0
500 4
863 1
963 4
64 0
487 3
71 0
39 5
364 7
572 7
521 1
39 2
991 6
529 6
347 2
335 3
54 2
280 8
898 3
734 5
677 2
329 5
887 5
442 1
345 8
923 1
635 4
658 7
555 8
792 6
478 1
44 7
95 4
303 1
345 3
877 6
323 6
979 6
988 9
379 7
198 8
357 0
52 4
133 9
807 7
398 0
45 4
614 2
22 5
124 7
557 1
64 4
835 5
589 6
588 9
489 0
721 7
777 3
337 2
518 6
881 3
267 5
688 7
736 3
15 0
332 9
697 0
997 6
253 3
499 9
664 5
554 9
831 0
649 8
510 8
745 4
627 3
240 4
9 8
317 3
138 2
907 8
514 7
668 9
269 0
907 3
752 0
951 5
30 4
54 5
43 6
267 8
634 2
210 6
196 5
875 6
862 6
962 1
892 6
685 5
320 1
398 1
925 0
165 4
707 0
8 8
449 8
952 7
82 8
391 1
312 1
68 5
99 0
617 4
46 4
510 4
553 0
920 1
989 4
5 3
720 2
276 4
188 4
628 4
892 4
139 7
327 1
290 9
219 0
235 6
898 9
415 4
869 9
668 7
952 4
519 1
128 0
785 9
74 2
741 1
142 7
971 7
244 9
726 4
196 7
484 0
919 6
900 6
544 1
832 5
576 8
982 0
155 9
2 7
220 5
114 6
239 6
950 0
171 0
595 0
751 8
687 6
533 1
83 3
898 4
587 7
689 8
417 3
294 4
247 8
545 9
929 6
325 7
360 7
790 2
501 5
794 8
342 8
751 4
318 7
776 4
436 4
342 4
141 1
677 0
645 6
522 7
2 1
578 6
564 6
245 0
364 5
132 5
195 0
19 9
801 2
967 1
130 9
727 3
193 9
838 6
791 7
464 8
608 3
757 0
702 0
684 5
408 8
381 3
552 3
523 2
931 4
120 6
227 4
595 5
393 8
36 5
232 2
498 2
989 8
834 0
55 7
401 8
13 5
119 2
990 1
348 7
366 8
640 2
609 2
978 6
390 5
388 5
200 8
100 7
368 0
369 3
432 4
94 8
192 3
344 0
295 7
407 8
621 0
318 3
85 0
539 5
794 1
458 0
991 2
481 3
670 9
920 6
118 5
261 3
542 4
434 3
789 0
946 0
196 6
473 8
690 8
437 6
790 6
387 5
3 7
450 0
114 8
86 9
804 5
809 0
226 5
458 1
716 7
292 3
146 5
367 6
336 9
489 1
800 3
241 5
869 1
951 9
96 8
803 1
480 8
612 5
455 7
52 7
154 5
639 0
293 0
865 6
53 9
954 2
261 8
980 2
532 9
829 4
118 1
757 5
530 8
249 4
437 1
335 5
373 6
462 7
865 8
209 6
233 5
605 6
853 3
852 9
597 7
812 0
174 8
404 3
372 8
983 7
266 6
300 0
692 2
430 0
65 9
422 9
882 9
825 8
216 5
402 2
859 0
293 7
249 3
25 9
416 6
504 7
362 5
97 3
277 6
989 0
792 8
144 8
627 0
176 2
51 0
550 7
853 6
20 1
50 2
307 0
534 8
589 7
338 6
462 5
77 2
229 2
693 5
772 7
203 7
258 8
733 1
695 5
485 1
40 1
243 3
15 6
275 7
951 4
635 5
786 9
724 9
794 2
402 7
272 4
415 2
210 3
852 0
17 0
429 3
684 9
573 2
70 3
758 7
58 0
699 0
275 5
52 8
132 6
184 6
63 5
667 6
933 8
721 5
243 9
729 7
447 1
211 6
54 1
211 7
758 9
998 9
614 7
320 0
843 5
114 9
965 1
422 8
471 9
99 9
384 7
976 0
30 6
662 5
49 4
339 5
336 5
530 1
837 1
486 8
184 5
844 1
303 8
677 9
430 5
556 9
984 9
308 7
772 3
965 4
361 5
947 0
183 2
87 9
647 9
4 2
945 9
97 0
743 3
811 9
489 4
743 1
923 5
797 7
421 9
632 8
575 8
567 5
751 2
987 3
190 2
159 7
308 4
179 6
630 4
400 0
67 9
687 3
736 5
696 0
106 9
195 9
800 0
129 3
120 5
84 7
313 4
346 5
238 0
459 8
74 8
465 6
336 2
805 3
441 8
1 0
667 1
645 5
454 0
559 8
360 0
210 2
29 3
594 4
381 5
818 4
774 4
386 8
88 9
400 2
665 6
589 9
977 3
742 3
758 0
233 8
651 7
182 4
587 1
235 9
85 5
725 3
329 2
805 9
138 8
699 8
808 6
64 5
988 7
860 2
640 7
932 6
495 8
118 4
730 1
340 0
958 3
818 9
829 1
9 6
448 4
54 9
557 3
376 6
52 9
179 2
221 8
309 2
257 3
180 2
38 5
268 3
617 7
761 9
138 4
178 3
1 7
923 7
437 2
884 5
127 7
467 5
923 2
777 1
441 3
236 2
244 2
849 5
295 6
84 4
849 9
994 5
190 6
290 1
984 5
41 1
663 1
416 1
655 2
804 0
242 5
440 5
592 3
823 6
655 9
295 3
576 7
313 9
873 2
547 5
399 0
352 6
500 1
144 0
872 5
910 2
615 6
469 8
273 7
108 0
187 2
795 7
856 9
268 8
959 3
137 4
532 4
318 1
513 9
310 6
228 2
411 6
957 7
127 4
5 1
124 9
237 1
58 6
647 2
457 8
972 9
495 3
252 3
625 0
753 3
868 9
413 1
944 4
166 5
723 8
792 7
314 0
613 8
957 9
434 5
924 0
703 7
134 7
451 4
584 6
193 4
135 8
376 0
803 2
826 4
899 3
242 8
817 9
296 7
684 2
200 0
311 2
508 8
384 9
579 5
839 2
37 9
157 3
49 5
475 7
573 9
259 0
743 5
452 3
347 7
534 3
435 0
85 4
262 0
91 0
166 9
247 3
88 5
317 1
227 6
440 2
916 6
169 0
960 3
694 5
440 1
672 6
749 4
238 3
956 9
784 3
891 6
270 6
926 6
253 9
684 0
119 1
593 8
818 8
953 8
374 9
852 6
183 3
162 9
232 6
900 8
728 6
862 1
285 8
663 2
188 8
899 9
236 0
66 0
629 9
337 5
152 8
389 9
65 0
123 9
975 1
613 3
689 4
160 7
13 6
619 4
434 6
613 9
14 1
808 2
423 3
760 6
104 3
675 7
510 3
843 8
129 5
2 6
808 0
146 0
282 8
428 9
546 4
705 3
546 2
270 5
187 7
57 7
974 8
298 7
730 8
496 3
767 4
152 2
470 7
21 2
806 9
720 1
620 4
486 3
289 5
98 7
145 0
862 9
679 7
490 3
620 8
199 9
833 8
526 4
786 4
50 6
334 8
550 6
485 0
694 4
221 7
473 4
848 0
172 6
915 1
559 1
374 3
341 8
399 2
160 5
546 8
205 6
670 2
872 7
238 6
358 3
186 6
757 8
245 3
760 4
969 6
90 4
426 5
624 8
80 5
433 8
93 6
372 9
51 4
52 1
590 8
762 9
606 5
918 0
936 5
38 1
904 0
835 8
314 8
469 5
544 2
679 1
116 8
982 9
859 7
301 9
364 0
750 8
107 2
693 7
418 8
133 6
935 9
165 6
702 5
709 7
553 6
388 3
792 4
142 8
746 4
256 8
423 8
671 1
337 0
589 1
852 5
164 4
251 2
338 5
224 7
307 6
411 3
135 1
976 7
573 1
662 4
626 5
731 6
524 6
889 3
857 8
385 6
533 7
630 8
618 8
971 4
927 2
485 9
551 8
980 1
608 9
896 7
520 3
653 1
541 2
988 4
447 6
512 4
949 9
909 0
503 4
550 3
9 5
47 1
143 8
860 8
255 3
598 9
547 1
273 0
197 2
836 9
907 9
248 0
537 2
687 1
118 7
579 4
66 5
562 9
661 4
995 0
283 6
59 5
860 9
46 7
710 8
595 2
769 1
90 9
564 5
941 6
92 1
537 5
221 9
307 7
698 5
904 9
626 1
624 9
141 3
871 3
162 5
668 8
49 1
631 1
374 5
572 9
384 3
820 1
467 7
895 6
476 8
855 6
623 7
241 0
86 5
26 1
324 0
475 6
264 6
1 3
117 3
922 0
150 8
3 6
170 2
850 7
637 8
945 4
732 9
502 2
487 0
969 3
741 6
983 3
790 5
204 0
87 3
927 5
60 1
94 3
934 4
476 7
506 8
114 2
419 4
483 3
366 9
246 7
599 3
39 6
403 7
28 6
925 5
330 1
329 3
330 2
917 7
315 5
915 7
159 6
615 8
11 4
556 7
723 5
629 2
148 5
253 5
580 8
33 8
282 9
719 3
738 8
745 0
833 4
248 5
585 6
75 0
298 2
845 5
216 6
844 4
538 1
981 3
879 3
223 5
852 1
34 4
191 3
457 6
202 4
175 9
249 9
23 8
637 6
675 1
149 5
581 8
724 8
82 2
284 0
861 7
738 5
613 7
294 2
994 4
896 0
533 4
468 8
920 2
308 6
122 9
188 2
496 1
604 9
943 0
673 3
657 8
859 6
889 4
579 3
580 6
620 7
76 7
545 4
87 2
874 1
485 5
395 3
816 4
602 5
7 8
599 7
784 9
67 6
839 1
187 3
628 0
817 1
714 1
143 2
446 6
811 5
720 9
995 6
824 6
56 6
84 5
636 0
69 9
39 1
873 9
779 9
112 1
504 9
946 1
468 1
748 7
865 2
178 4
235 2
157 7
255 9
136 6
487 6
73 3
467 0
433 0
821 8
171 2
854 0
681 3
346 0
664 9
30 5
891 0
626 8
713 1
683 4
458 6
829 8
90 1
150 3
310 0
724 3
324 3
415 7
434 7
704 8
496 2
58 4
358 0
87 0
543 8
186 8
865 1
512 3
827 8
728 9
419 9
361 6
894 4
170 0
684 3
58 8
318 4
188 9
230 7
102 1
196 0
646 8
173 2
576 1
378 2
546 6
695 4
105 2
36 2
251 6
744 7
303 4
271 7
275 8
243 2
829 2
118 0
390 2
234 0
47 2
754 6
45 0
657 2
147 6
2 5
82 6
233 6
958 9
211 0
705 4
581 5
539 3
536 4
405 8
624 4
321 5
785 4
664 4
257 0
472 6
396 1
709 6
283 2
107 7
207 5
168 8
462 8
16 6
80 6
57 3
376 8
100 2
784 5
391 5
613 6
447 5
309 6
222 4
418 7
559 9
293 9
725 0
147 0
272 7
674 1
378 5
729 3
185 2
516 9
646 3
400 6
467 6
607 9
951 2
259 9
922 1
615 3
824 3
534 6
862 4
369 5
343 7
210 8
662 3
768 3
233 3
229 3
987 6
930 5
880 1
391 4
610 9
385 0
881 5
967 7
414 6
688 9
400 4
410 7
822 6
632 9
519 7
544 8
616 8
825 4
738 6
236 9
869 3
700 3
770 5
950 5
174 5
436 9
498 9
363 1
712 2
600 4
211 8
49 6
824 7
678 6
681 0
189 6
841 4
946 8
905 5
148 0
225 3
321 6
326 2
916 7
238 9
222 8
876 7
47 0
804 1
942 7
469 4
892 5
265 0
736 8
711 3
61 7
575 0
765 0
731 7
796 5
343 5
771 9
285 5
26 8
600 7
444 6
984 7
939 1
682 3
298 4
350 5
741 9
300 8
385 1
123 1
621 5
143 6
211 1
546 1
246 3
205 8
640 0
300 4
209 7
69 7
19 5
61 0
326 5
38 8
396 7
74 6
536 7
974 0
842 4
906 6
513 0
219 7
769 9
791 0
346 3
884 6
14 3
922 6
223 3
79 0
188 7
305 7
905 7
107 5
165 2
367 9
723 6
565 4
715 2
722 0
161 6
878 8
586 3
50 7
202 0
846 7
561 3
931 7
21 0
386 5
398 6
590 7
299 8
60 8
529 0
643 3
112 7
896 9
761 1
551 3
252 5
20 2
551 6
185 0
106 4
506 6
580 9
767 3
408 9
436 5
428 4
733 9
523 9
907 5
84 1
325 5
140 3
425 5
254 6
44 6
260 0
803 7
910 3
558 3
870 9
357 9
489 6
129 4
779 1
361 3
776 2
877 2
386 0
815 3
957 1
575 5
438 7
24 5
265 7
339 7
11 8
769 3
304 4
895 1
427 7
688 6
524 2
983 2
906 9
231 7
136 5
713 0
978 8
888 7
833 9
787 2
394 9
257 5
322 1
806 2
730 7
911 1
975 7
237 6
341 9
911 0
292 2
845 1
115 9
761 8
562 2
90 0
231 0
375 8
4 4
932 0
690 0
193 8
119 7
903 4
224 3
639 6
790 4
531 6
503 9
131 2
603 5
488 2
681 6
676 7
292 4
536 8
814 4
947 9
16 4
997 7
628 1
694 2
894 9
101 5
666 9
279 8
83 0
899 1
975 8
129 0
530 6
464 0
708 8
854 7
264 5
488 5
538 5
502 4
857 2
622 9
413 8
253 0
714 5
453 6
880 4
274 6
767 5
119 4
478 7
507 8
196 4
680 0
994 0
9 4
564 1
485 4
884 3
948 0
547 9
80 3
942 9
534 1
641 4
331 4
5 2
596 8
544 6
672 1
985 0
332 5
160 4
161 3
446 5
81 1
441 1
428 6
137 5
688 1
365 7
913 8
666 5
101 7
58 5
978 0
445 9
767 7
791 1
450 2
88 6
67 4
789 6
36 7
193 6
753 0
587 8
136 7
503 8
556 5
341 6
872 9
573 4
503 6
157 2
765 2
501 3
498 3
78 6
929 7
496 4
257 8
635 3
51 5
103 2
61 2
328 2
990 4
303 2
715 9
639 3
373 4
257 7
192 0
920 9
583 0
964 9
528 4
271 8
779 4
738 1
573 0
244 3
453 2
848 9
309 0
605 3
393 9
774 8
998 3
237 2
67 8
368 5
724 6
707 3
547 2
913 2
541 3
630 6
835 2
766 4
327 4
921 4
283 9
625 9
662 6
629 4
652 6
723 0
421 1
306 1
583 4
168 1
208 4
449 9
414 9
493 9
644 3
332 0
917 0
672 7
982 8
291 7
519 4
922 8
162 3
423 2
296 0
156 4
390 9
273 5
63 1
259 5
486 1
204 8
619 7
580 5
439 6
779 2
535 9
434 0
700 2
132 1
821 0
538 6
300 1
694 9
42 4
297 7
667 8
686 8
73 9
169 9
340 8
976 6
499 3
974 4
731 1
633 5
17 6
486 4
25 2
875 3
123 3
122 1
69 6
471 7
764 0
575 1
63 8
481 1
360 4
347 0
219 5
213 2
743 0
503 7
564 2
665 7
827 3
770 3
75 2
646 6
349 7
752 2
458 4
315 2
969 0
55 1
623 8
441 6
671 6
621 2
991 1
244 5
901 6
3 1
343 0
823 9
715 4
54 4
889 6
856 7
563 0
904 8
933 6
459 3
883 2
676 1
743 2
501 4
23 6
435 7
267 0
927 9
304 2
8 5
934 3
331 9
32 7
392 3
704 1
172 5
747 8
291 9
169 3
633 1
62 6
389 8
774 3
849 2
490 8
24 2
431 6
951 7
466 5
239 4
853 8
356 2
829 3
918 6
577 1
109 3
775 6
591 7
970 3
485 8
971 0
298 3
719 7
297 9
393 1
529 5
327 2
167 8
460 6
153 2
60 0
945 6
592 7
192 2
778 7
427 4
837 9
606 6
97 7
751 9
507 3
161 5
145 5
102 4
249 2
844 8
972 8
431 2
698 0
918 4
280 0
55 9
413 4
845 0
148 6
341 4
528 8
205 4
230 9
364 8
41 2
129 9
239 0
833 7
431 9
4 6
65 4
376 4
950 7
998 4
239 7
999 5
690 9
824 1
317 5
316 0
853 2
373 7
865 5
163 0
735 3
693 1
303 6
434 4
784 4
378 7
905 9
898 5
113 7
13 0
669 9
942 3
262 9
218 2
172 0
628 9
344 4
694 7
11 9
463 5
909 4
100 1
723 1
35 8
589 3
702 6
168 5
727 0
623 0
837 8
656 8
488 9
902 6
796 1
636 7
423 9
194 6
835 7
781 8
605 5
771 8
345 5
16 1
431 1
929 4
364 9
648 5
188 6
987 5
769 4
782 4
766 8
463 6
885 0
212 3
764 2
626 3
1 8
357 3
856 8
207 8
220 3
186 9
315 6
315 1
601 1
32 9
269 2
98 6
68 0
535 7
61 1
99 8
914 8
699 1
772 0
342 3
177 5
708 0
593 0
395 7
909 6
327 6
710 4
397 2
881 4
222 9
745 8
692 9
35 9
881 9
392 7
354 0
125 7
477 7
640 6
197 8
288 2
230 4
841 5
277 4
722 7
897 0
474 1
214 9
374 8
281 0
299 2
821 1
185 4
234 4
178 9
306 6
725 7
952 9
548 9
788 7
919 3
582 2
920 8
101 4
588 6
187 0
778 6
823 7
333 9
878 6
309 5
862 8
451 2
500 0
835 6
732 8
553 8
838 7
343 4
817 3
77 9
137 8
552 4
784 1
334 9
906 2
787 0
118 8
714 0
733 6
548 1
353 0
283 5
993 6
350 1
286 6
303 5
691 3
840 0
594 3
938 5
271 9
762 6
157 0
806 6
1 6
818 7
666 3
879 1
79 8
41 8
619 6
630 3
136 2
59 1
415 1
43 0
795 1
166 3
826 0
874 7
406 2
810 3
560 2
596 4
128 7
357 5
606 7
380 7
466 1
671 2
807 2
280 4
554 5
368 3
996 1
814 6
863 2
725 2
678 2
193 7
657 9
388 7
843 4
299 0
887 3
284 3
433 6
522 0
428 0
907 4
506 0
554 0
875 1
710 3
556 8
838 2
654 2
791 4
564 8
968 2
716 9
48 8
100 5
113 3
179 9
474 9
756 6
902 8
558 7
924 2
112 5
589 8
621 8
999 2
173 8
899 7
961 7
220 8
710 0
764 7
280 6
467 1
963 3
124 3
278 4
218 6
597 4
634 0
828 3
367 7
765 3
407 4
926 1
47 5
738 4
853 0
718 6
365 2
871 5
560 9
780 0
477 9
492 6
927 7
752 5
375 7
478 6
91 1
923 6
806 3
250 2
490 4
744 8
637 3
6 8
882 5
459 7
810 1
454 1
807 8
878 5
324 9
412 9
308 3
181 9
126 0
911 3
28 8
162 0
658 1
22 0
134 4
387 2
739 2
254 9
762 8
226 9
284 4
587 2
483 5
71 5
612 2
968 5
696 1
50 8
112 0
302 6
689 0
455 6
806 1
400 3
928 1
322 4
165 5
242 2
121 6
892 9
834 6
116 1
767 9
27 5
499 0
650 8
232 5
533 0
796 7
943 9
29 6
652 8
362 4
839 0
32 1
437 9
770 0
619 5
223 0
237 7
873 8
622 1
895 3
982 4
752 9
804 6
572 0
643 0
780 8
538 8
666 0
355 2
763 9
350 8
718 3
268 6
637 4
94 5
195 5
149 4
858 8
812 5
393 0
547 3
534 7
586 5
29 1
671 4
816 0
257 2
384 0
371 0
93 5
492 8
238 8
222 6
181 7
132 7
770 7
810 0
767 6
704 6
615 5
955 9
32 0
652 4
834 1
802 9
54 7
918 3
496 9
189 7
689 5
942 0
954 1
326 6
881 8
754 1
148 4
325 9
17 2
605 4
267 2
445 8
973 9
492 5
326 3
913 1
929 0
352 8
372 2
106 6
886 1
903 7
156 3
825 5
311 3
353 2
372 0
472 2
927 8
297 4
27 4
179 8
950 9
130 0
825 1
985 5
781 0
185 6
236 6
540 6
929 2
607 4
559 3
202 9
156 7
815 4
272 5
432 1
84 2
635 8
199 2
787 1
579 0
379 5
331 2
943 4
635 7
517 1
488 1
196 2
398 4
755 0
763 7
46 3
138 6
961 5
841 8
993 7
737 2
518 8
367 4
402 3
232 3
926 4
380 0
747 0
581 3
120 1
68 6
509 2
91 7
833 3
264 8
992 9
162 6
18 7
234 9
404 8
764 4
39 9
395 4
722 3
752 1
870 6
831 3
132 2
68 8
41 4
697 2
349 5
222 3
807 6
442 2
828 6
802 5
602 7
412 0
203 0
976 8
41 6
848 6
991 0
55 5
519 0
674 0
346 2
675 2
134 9
448 9
953 3
933 1
518 1
27 2
808 7
95 2
853 7
512 6
208 7
198 5
819 4
250 8
539 1
772 5
351 5
225 9
182 6
457 1
305 5
397 7
855 0
404 4
540 5
269 5
932 4
273 4
279 3
855 8
126 5
618 1
387 9
767 2
877 0
946 4
964 3
778 4
641 1
788 0
568 9
80 9
287 4
121 4
476 5
670 4
611 2
439 3
879 7
159 5
944 7
896 5
716 2
687 5
328 8
177 6
42 6
433 7
860 4
993 8
727 6
333 2
511 7
515 0
138 7
137 0
924 3
592 8
582 6
167 9
724 0
60 6
82 9
504 3
113 4
893 7
665 5
982 2
656 0
114 5
797 2
803 0
989 5
841 9
593 1
103 4
276 6
919 2
604 8
260 9
496 6
623 4
513 3
531 3
884 0
261 7
648 3
783 3
22 4
644 9
726 0
40 5
323 4
349 4
530 7
888 1
182 0
220 0
250 9
777 7
67 1
794 5
335 8
254 8
172 4
963 9
394 3
550 5
661 3
922 4
99 4
233 9
254 4
857 0
539 7
542 1
745 3
954 0
619 9
549 6
59 4
63 7
669 3
509 7
427 0
931 0
890 6
838 3
536 9
991 4
379 0
567 0
95 5
77 0
463 2
949 6
991 5
831 8
368 2
489 7
471 3
76 1
672 8
210 4
694 8
434 1
856 2
928 2
583 9
730 2
46 1
756 0
926 8
184 7
906 0
383 9
115 2
98 2
576 0
902 5
363 6
304 9
246 4
105 0
936 2
324 2
443 4
938 0
967 3
104 0
806 0
886 6
674 3
755 1
826 1
475 1
886 9
507 6
514 1
73 8
172 3
214 7
928 5
126 7
370 8
310 2
702 1
680 3
81 7
863 0
164 8
262 4
556 3
451 3
821 3
391 7
76 6
494 2
116 6
788 2
797 8
358 2
616 7
201 4
313 3
832 6
840 5
869 2
425 6
334 2
899 6
656 4
577 0
751 3
260 8
363 9
499 5
620 0
42 0
464 7
206 5
212 9
772 8
812 7
96 0
777 9
381 6
12 5
796 6
741 5
322 3
500 6
27 7
693 6
864 2
553 3
523 5
152 4
692 1
44 1
299 5
302 5
951 6
342 6
366 7
289 9
307 5
859 4
802 4
240 7
499 6
547 0
638 3
104 5
924 6
270 7
489 2
90 5
91 9
830 4
823 5
788 5
961 1
721 4
448 7
602 6
729 5
293 2
786 6
246 0
800 1
207 9
268 7
80 0
813 8
93 9
934 7
505 5
335 6
23 7
260 4
412 8
609 5
919 1
642 6
889 2
527 4
78 4
737 5
248 4
408 0
809 2
56 8
931 6
8 9
26 3
335 7
749 6
882 0
147 1
271 0
698 1
558 8
314 2
801 3
650 2
673 5
262 7
902 0
305 8
975 0
325 4
30 2
178 0
44 2
946 9
664 1
457 3
487 8
450 1
950 1
444 0
965 5
976 1
470 6
252 4
438 1
311 6
833 2
10 5
774 7
985 1
595 8
918 7
959 2
940 6
235 3
459 9
688 5
897 9
95 9
458 5
721 6
212 7
653 4
425 1
606 9
452 1
306 7
250 5
584 7
870 4
116 4
809 6
96 5
52 0
872 4
651 6
508 7
703 5
805 6
954 6
147 5
755 7
80 8
289 7
289 8
704 2
391 9
303 7
185 8
275 3
823 4
546 3
720 6
543 6
734 2
172 8
563 7
377 9
431 0
505 6
460 2
822 9
841 1
275 9
604 0
869 4
784 7
903 8
864 8
343 9
960 0
931 9
965 3
681 4
287 9
373 5
464 3
359 9
962 3
279 7
765 8
276 9
83 8
49 8
97 8
549 0
759 1
874 4
718 1
692 4
981 6
480 3
146 4
816 3
332 3
448 6
724 1
697 8
250 4
559 4
377 3
425 7
845 7
12 8
459 4
152 3
495 5
611 8
522 1
611 7
506 2
360 9
413 0
81 2
141 6
479 4
526 3
827 0
605 1
883 0
742 9
177 2
551 5
988 2
237 5
187 9
891 9
176 0
962 0
631 5
711 2
838 5
939 0
227 2
658 4
891 3
471 5
919 5
863 8
756 3
672 5
351 0
817 5
817 8
650 3
898 7
344 3
396 0
79 1
438 8
619 3
837 7
407 5
67 5
549 4
313 2
480 2
631 0
779 3
109 5
70 4
908 6
958 5
146 7
274 9
218 4
922 5
243 0
668 0
617 8
744 1
947 2
635 0
900 9
985 9
131 0
266 4
380 2
811 1
353 5
66 9
890 9
801 5
808 4
817 4
28 4
950 6
26 7
315 9
387 0
23 2
641 3
382 5
126 8
815 5
588 2
773 6
62 4
880 5
86 7
761 4
463 0
426 3
599 5
290 4
398 2
787 9
527 9
409 5
186 7
186 2
394 5
346 4
743 7
662 8
484 5
240 3
742 8
770 9
476 0
265 5
299 9
919 8
404 2
231 6
792 2
937 2
255 5
434 2
210 0
302 1
85 9
959 4
307 3
314 9
890 8
838 9
885 5
37 4
597 1
229 0
930 3
157 6
347 4
256 0
499 4
775 2
966 5
64 1
219 2
514 8
156 6
864 9
999 3
985 7
123 4
870 0
933 5
998 6
453 3
204 5
604 4
265 4
768 7
706 2
228 7
288 0
979 4
120 4
361 0
18 9
579 7
57 8
97 4
337 4
850 6
843 2
707 4
922 9
832 9
527 6
607 5
854 5
127 3
62 5
12 0
685 0
996 4
695 6
929 3
231 9
139 4
509 4
205 7
638 0
427 6
37 6
995 5
326 9
828 7
230 6
161 9
219 4
98 5
830 5
754 5
102 6
250 7
26 9
881 7
221 6
242 3
228 0
311 1
453 4
746 5
731 9
535 1
383 3
581 6
896 4
898 1
256 3
191 9
155 8
840 9
543 9
755 6
44 4
758 5
866 9
773 7
740 8
918 2
431 4
786 7
646 4
282 6
792 5
518 5
707 5
585 3
407 9
461 4
502 5
802 0
917 9
84 8
394 2
886 4
402 1
314 6
340 9
562 3
200 4
901 3
398 3
847 3
968 9
880 7
60 4
388 9
192 6
669 5
816 7
94 2
95 0
150 7
133 7
377 6
385 7
960 6
501 2
397 4
618 9
725 9
468 5
582 8
419 0
179 3
397 0
740 4
270 4
779 5
102 0
726 5
92 5
383 5
622 5
348 2
680 4
393 5
996 8
98 3
912 3
990 3
529 3
984 3
851 5
66 3
926 3
435 2
627 1
664 0
954 5
597 0
882 4
104 9
54 0
195 8
3 5
132 0
266 0
512 0
420 7
744 5
973 7
254 7
587 5
266 7
710 7
840 2
163 6
710 1
213 9
450 7
132 9
121 2
108 1
645 2
640 1
399 6
653 6
577 7
866 4
361 9
10 4
469 9
352 9
915 6
698 6
137 7
972 1
297 3
987 9
964 7
720 0
208 3
262 5
415 5
375 9
882 1
366 4
429 5
438 5
336 6
413 5
603 9
29 4
60 2
835 1
529 2
13 4
814 0
725 1
731 8
809 3
782 8
373 3
531 0
994 7
133 2
532 8
838 0
408 7
175 4
41 5
177 4
691 2
846 5
197 6
650 0
955 5
867 0
298 8
990 9
702 4
870 1
960 5
959 0
41 0
240 0
180 5
429 1
554 8
91 2
296 6
639 9
160 3
302 9
2 4
505 1
833 5
384 6
600 0
432 9
562 5
38 0
951 0
394 6
409 9
374 6
207 6
103 3
912 7
310 1
638 8
129 2
183 6
942 4
935 0
206 2
782 3
650 6
682 2
993 0
924 1
736 7
868 0
558 0
500 7
981 0
951 1
331 5
245 4
956 1
355 0
830 7
406 8
361 4
963 8
370 4
537 3
319 6
406 1
842 6
800 8
660 4
973 3
584 2
830 1
212 5
991 7
572 4
377 0
519 9
198 7
419 2
843 7
355 3
901 7
192 4
897 3
877 5
249 8
23 5
331 6
640 9
940 1
492 3
748 0
378 3
524 8
90 6
126 9
972 3
381 8
438 9
831 6
499 2
243 6
567 1
895 0
152 5
541 8
698 8
36 6
457 7
285 6
647 3
249 6
436 1
285 3
235 5
543 5
227 0
507 9
656 1
672 0
138 1
578 7
459 1
796 4
36 8
247 9
831 7
781 3
447 0
361 8
24 0
370 6
517 5
610 6
678 1
377 7
104 6
117 1
179 0
357 4
657 3
872 0
735 0
875 8
128 4
734 4
846 6
979 7
74 0
149 1
284 2
173 3
381 2
239 9
485 7
821 7
946 6
809 9
590 3
280 7
171 7
263 8
338 7
660 2
658 6
577 2
278 8
957 3
39 8
359 7
164 9
60 9
123 6
122 5
820 7
811 6
295 4
880 9
931 1
639 7
875 9
152 7
811 0
156 8
744 9
870 8
715 1
332 8
14 0
872 8
752 8
648 0
84 9
563 6
353 3
937 5
450 8
272 0
304 0
631 4
591 5
164 3
796 3
189 5
891 5
809 4
984 2
650 1
952 2
318 0
177 8
282 2
791 2
840 4
568 4
424 0
396 6
877 1
315 0
59 0
142 3
115 0
719 6
505 0
460 3
454 6
746 1
345 9
61 5
626 7
715 3
758 2
375 4
151 2
532 5
107 8
559 0
258 2
678 9
141 7
516 5
916 4
853 5
542 0
378 9
675 0
408 1
57 1
698 2
165 0
505 7
843 0
599 4
578 4
347 9
75 6
413 2
411 4
531 8
820 0
755 3
937 4
824 0
509 0
861 4
813 1
942 6
247 0
700 7
429 4
923 4
540 1
324 4
246 6
654 5
517 0
557 4
439 4
234 7
3 8
469 1
913 5
676 6
23 4
420 3
801 7
116 0
348 0
455 2
908 1
818 6
319 1
493 4
568 3
445 2
974 2
417 5
655 1
4 0
773 9
93 0
378 4
657 7
239 3
674 4
132 3
559 6
348 3
947 5
921 6
90 2
494 7
908 5
168 4
270 8
206 9
700 0
561 9
978 7
848 8
242 0
696 8
837 6
836 7
741 8
133 4
77 1
255 2
946 7
884 8
643 2
63 2
890 2
430 6
750 2
925 4
693 8
403 1
654 9
253 7
832 7
813 3
567 7
258 9
660 9
131 3
911 2
206 6
6 5
530 9
410 4
991 8
175 2
154 7
112 3
192 9
756 5
766 9
175 0
250 6
970 8
208 2
737 9
848 7
638 1
208 9
360 5
332 4
193 2
251 3
354 1
99 3
608 0
367 0
100 0
558 6
758 1
527 1
403 4
56 5
50 9
405 1
625 2
498 8
690 7
535 6
895 2
21 1
138 9
655 5
693 0
454 9
609 0
620 6
160 8
941 4
197 4
696 7
521 4
807 9
564 0
555 1
608 1
891 4
115 5
14 9
72 0
378 0
915 0
404 7
30 7
796 0
7 6
325 1
306 8
410 9
98 9
29 5
890 7
843 6
921 5
808 3
59 2
659 4
925 2
259 2
69 4
793 2
901 2
4 7
940 0
150 4
936 1
782 0
305 4
686 0
179 7
839 9
317 4
65 6
337 6
382 7
910 4
933 2
431 3
79 6
962 6
290 2
795 0
475 8
715 8
253 6
572 6
214 0
501 8
349 8
804 3
365 6
215 9
912 5
416 2
987 2
456 6
335 0
776 9
770 4
938 3
526 9
330 6
876 2
979 2
415 9
807 5
515 3
251 8
274 3
527 5
99 6
714 3
523 0
750 7
864 7
389 3
685 3
525 4
618 0
304 7
927 1
54 8
540 0
260 3
650 4
117 8
195 4
8 1
523 8
93 1
714 6
825 2
977 6
260 2
556 0
465 4
404 0
934 2
154 4
77 7
470 9
45 7
276 8
994 2
949 1
788 9
746 8
512 7
11 1
990 6
742 0
515 1
748 5
580 7
401 6
709 4
927 0
871 4
648 2
358 9
502 7
741 3
334 5
913 0
375 2
915 5
903 0
278 3
446 7
577 3
935 4
287 6
594 2
945 7
22 7
19 7
303 0
781 5
852 2
126 6
609 7
799 5
775 7
171 8
347 5
395 1
134 5
117 2
444 4
301 5
151 4
614 1
983 0
391 8
886 5
901 9
191 7
68 4
309 1
216 3
699 4
494 6
196 3
917 1
181 5
670 0
757 1
320 4
981 2
550 9
798 6
204 2
832 2
565 9
419 7
67 2
300 2
115 6
392 6
219 9
700 9
591 6
46 2
827 4
711 6
110 9
275 6
189 0
553 2
977 2
353 9
340 3
696 3
851 1
710 6
825 6
530 0
291 0
95 1
118 9
43 7
308 2
583 1
593 4
816 1
148 7
87 1
272 9
196 8
136 9
966 9
550 1
686 4
454 2
105 8
426 6
907 1
804 8
215 7
468 9
820 5
426 0
137 3
442 8
783 6
313 5
284 7
203 3
730 0
102 2
276 2
423 5
442 6
341 5
113 2
649 3
675 8
164 5
108 4
827 1
478 5
605 9
883 5
366 5
547 7
812 8
471 0
519 5
776 0
252 8
815 6
834 4
735 4
140 7
398 9
849 3
333 8
229 6
462 1
585 9
903 2
555 2
513 6
111 0
541 6
971 6
428 7
19 3
670 7
802 2
878 7
964 4
957 0
285 4
288 7
383 0
42 9
262 8
542 2
199 7
541 1
182 3
386 6
994 6
901 0
157 4
785 2
910 6
644 4
744 3
128 2
961 0
521 9
601 6
785 8
876 5
422 4
446 1
435 9
696 4
435 1
347 8
992 8
406 0
653 5
866 1
590 5
364 4
803 5
118 2
251 7
576 2
815 2
391 6
15 7
166 4
72 2
847 9
183 8
953 0
245 2
798 3
284 5
536 0
594 9
914 6
997 8
515 4
956 2
656 5
634 5
836 0
290 3
651 5
339 2
121 7
426 2
706 1
191 4
61 6
868 5
634 9
47 9
273 8
464 1
89 5
197 3
341 0
667 7
465 8
444 1
140 1
756 4
974 7
513 8
993 1
278 9
793 7
170 9
468 4
975 3
177 9
295 0
918 1
417 6
609 3
31 4
154 3
450 5
846 2
912 1
941 7
105 3
364 6
570 6
149 7
941 9
600 5
711 0
272 8
548 3
624 0
156 2
238 7
314 7
772 9
89 9
20 5
92 0
275 0
172 7
83 2
45 8
832 1
535 8
336 8
474 0
946 3
567 3
947 1
513 7
554 3
920 3
590 4
720 7
418 9
698 3
552 6
945 3
131 6
793 4
239 5
834 2
302 4
200 9
211 2
312 7
974 1
963 6
368 7
351 7
354 2
536 2
318 9
599 9
213 6
26 5
162 2
160 6
109 6
312 3
447 7
976 4
805 4
29 8
567 9
753 9
637 0
658 9
42 7
70 9
189 4
561 5
116 2
578 2
661 2
601 4
141 0
513 1
145 8
277 0
792 1
682 8
949 4
359 4
291 3
473 6
383 4
947 3
939 7
64 9
83 4
15 8
881 6
11 5
361 7
996 9
483 9
210 7
308 9
561 8
216 9
253 8
439 2
338 4
397 9
641 0
20 6
867 8
940 2
243 4
867 5
511 5
210 9
291 6
8 2
678 7
459 6
750 9
746 3
995 4
327 5
638 2
594 0
965 0
961 2
867 4
447 4
652 9
652 0
390 3
355 7
371 8
910 7
666 4
643 8
879 8
686 5
730 4
386 2
778 0
180 9
306 0
56 4
187 6
227 8
404 5
358 6
813 2
938 2
812 6
601 7
826 3
768 2
846 1
819 8
689 6
236 1
508 4
736 1
801 6
209 3
32 4
880 6
128 8
754 9
22 3
392 9
299 6
40 7
663 3
640 3
417 8
656 3
598 8
461 9
233 2
542 7
584 0
474 5
890 0
281 8
753 8
677 8
125 5
142 2
876 1
540 2
392 2
791 5
367 3
966 8
229 9
484 1
439 8
531 7
263 4
282 7
760 5
20 3
697 6
139 2
153 9
267 6
409 8
253 2
285 9
25 5
281 3
651 9
634 6
997 1
18 2
888 2
155 5
958 7
294 8
328 4
934 1
78 3
293 6
255 0
576 5
465 9
110 6
742 7
205 3
37 8
846 0
400 7
472 8
508 5
35 4
975 5
737 6
256 9
447 3
757 9
878 1
262 2
333 0
225 4
77 4
987 7
241 9
674 5
927 6
514 6
760 3
161 0
859 8
456 5
417 1
947 7
702 8
915 9
79 9
781 2
282 0
111 4
722 9
877 8
88 8
439 9
977 7
969 7
989 2
112 6
858 3
558 9
579 6
21 7
674 9
973 5
665 0
936 4
649 9
939 5
64 3
995 1
633 8
504 4
759 3
524 7
560 8
677 5
420 4
232 7
470 4
286 9
269 4
37 1
508 0
438 4
825 7
79 5
76 2
312 6
983 5
288 4
166 2
466 9
822 2
720 3
800 6
399 8
178 7
763 5
327 7
138 5
360 6
223 8
952 5
31 7
878 3
678 3
972 7
477 6
990 8
970 1
16 2
396 8
214 4
31 0
28 9
763 4
251 4
610 3
868 3
986 1
340 6
520 6
274 5
370 5
119 8
452 0
879 2
182 5
868 4
527 8
278 0
925 7
785 1
639 8
206 7
425 2
230 2
1 5
633 3
648 4
9 0
726 3
704 3
917 4
997 3
201 0
231 8
200 7
950 4
764 1
111 9
190 8
831 4
584 1
167 0
425 8
884 1
290 8
466 4
261 5
184 4
171 9
59 7
669 4
980 3
443 5
977 4
372 4
235 7
67 0
282 1
673 8
968 6
287 7
369 0
798 9
177 7
430 1
717 7
510 1
422 2
341 3
201 9
972 6
868 1
477 5
116 5
729 0
756 9
933 9
143 9
228 9
259 7
276 3
279 6
515 2
505 3
484 3
957 4
820 4
794 6
405 2
810 9
124 6
241 3
782 5
570 9
332 6
752 7
747 1
760 1
243 8
471 2
389 4
886 3
81 9
857 5
135 2
645 1
585 8
797 0
460 7
949 3
443 1
855 4
244 6
382 9
861 1
669 2
227 9
185 5
258 5
153 6
182 8
205 5
252 6
247 4
234 1
643 7
732 5
861 6
30 8
287 5
675 9
466 8
825 9
116 9
621 9
597 9
945 1
761 7
492 0
587 6
351 4
849 0
18 5
60 7
116 7
547 8
685 6
424 6
525 7
928 6
749 7
151 3
544 5
2 0
107 0
887 0
213 4
695 2
38 4
860 6
583 8
334 1
918 5
406 6
712 3
139 8
23 0
926 0
670 8
203 2
283 8
646 5
924 4
664 3
388 2
511 0
420 1
648 8
763 0
346 8
840 3
174 3
886 0
665 4
394 4
938 7
838 1
612 9
636 4
813 7
430 4
249 5
124 1
257 9
204 9
386 9
154 2
685 4
137 9
226 8
521 5
778 8
319 3
645 4
43 5
926 7
679 6
263 0
725 6
616 1
264 2
160 2
953 1
490 9
458 7
588 7
936 3
595 1
778 9
363 4
108 7
358 4
1 4
236 8
799 6
308 1
396 9
150 2
628 5
686 6
816 2
92 4
797 5
827 7
647 5
714 4
231 4
473 1
281 6
847 0
333 5
581 4
845 8
612 4
356 9
264 4
394 7
312 0
895 4
480 4
969 2
642 5
305 1
520 9
295 5
134 1
742 1
708 5
832 3
393 7
456 4
932 2
252 2
594 8
187 4
348 6
778 5
638 4
43 9
541 7
349 9
974 3
603 3
567 8
962 4
36 9
910 9
967 4
992 7
637 2
882 8
338 9
794 0
944 3
325 2
768 4
279 2
705 5
23 3
968 3
676 4
146 2
907 2
181 4
37 7
213 5
707 8
135 9
709 0
618 2
244 8
390 8
710 9
190 3
863 5
751 1
306 2
980 5
739 0
728 2
441 2
76 8
761 6
979 3
389 1
926 2
915 8
86 0
86 8
174 0
299 3
69 8
412 2
966 4
435 3
675 4
578 1
31 3
691 7
849 4
521 3
596 2
416 9
589 4
369 9
330 7
766 3
402 9
795 3
894 8
98 0
259 3
511 9
311 4
484 4
114 0
369 2
795 5
327 9
199 6
323 2
733 5
224 5
82 0
45 5
842 1
900 7
530 5
560 6
805 5
780 6
822 7
993 4
875 4
748 4
307 1
844 9
50 1
545 8
446 8
981 4
338 0
475 4
617 3
556 6
158 3
409 0
419 5
834 9
734 1
502 6
267 4
518 7
740 6
408 5
921 3
27 1
461 7
746 6
582 0
984 4
350 0
735 5
495 2
800 2
579 8
252 7
205 2
72 1
613 0
919 0
351 6
982 1
902 2
616 9
73 1
28 2
848 1
664 8
583 3
126 2
203 4
1 1
494 0
437 8
530 3
708 6
688 4
408 4
755 5
440 0
647 1
551 7
375 5
68 1
762 3
172 2
948 7
667 2
199 0
690 5
152 6
577 4
255 8
887 9
573 6
717 0
865 9
966 2
480 9
963 0
385 5
575 4
520 8
986 0
321 8
176 5
876 4
720 5
52 5
724 7
790 1
565 3
274 2
326 4
871 0
683 8
503 5
388 0
212 8
124 2
343 3
313 0
715 6
713 4
973 0
430 9
667 0
210 5
967 9
666 2
411 5
699 9
18 8
336 0
713 6
420 8
644 5
741 0
970 5
622 6
221 5
731 2
883 3
739 4
69 0
296 2
816 6
633 7
311 5
221 2
557 6
712 0
434 9
359 3
962 2
852 4
5 6
645 9
451 0
703 0
97 9
870 7
889 8
117 6
692 5
111 5
398 8
745 7
431 7
573 8
827 9
646 0
521 0
826 5
86 4
246 2
202 3
322 6
107 1
295 8
976 2
630 5
801 1
527 3
608 5
110 4
33 9
699 7
507 4
414 7
660 0
733 8
415 0
38 2
586 9
313 6
29 2
449 6
12 1
893 1
110 1
850 4
790 7
31 6
706 0
732 6
315 4
412 5
512 8
156 9
676 2
290 7
814 7
868 6
461 5
710 5
477 8
861 5
958 0
268 0
392 4
261 0
250 3
603 2
766 5
56 0
647 6
840 8
464 4
713 8
647 0
273 9
738 0
473 3
593 3
102 8
729 4
309 7
477 4
866 8
4 3
912 8
50 5
131 4
819 3
585 7
555 7
170 3
935 7
157 5
706 7
294 7
549 2
824 9
662 0
950 2
71 6
3 0
226 3
642 9
707 1
361 2
636 9
7 9
153 4
9 7
540 7
380 4
902 1
649 1
682 0
851 6
178 6
125 4
902 9
45 1
25 8
56 9
108 9
256 7
7 5
163 4
128 6
977 8
103 8
705 0
626 6
937 0
916 8
986 5
388 8
387 6
750 6
200 3
626 9
356 6
80 7
124 0
375 0
854 8
378 8
610 2
900 5
266 9
646 9
887 2
178 2
594 1
479 8
751 0
932 8
880 8
191 0
297 0
319 2
881 1
652 7
322 7
607 2
340 7
957 2
560 0
7 7
612 8
195 3
683 2
988 3
247 5
450 6
719 4
519 8
691 9
95 6
675 3
436 8
645 0
899 4
194 5
199 5
895 7
766 0
511 4
478 9
877 3
316 7
632 6
559 5
604 5
885 6
870 2
903 1
56 1
215 6
240 5
642 1
514 2
403 8
386 7
763 6
672 2
479 3
896 6
524 9
424 1
238 5
510 9
884 9
679 3
48 7
568 8
791 9
40 2
668 3
735 1
364 2
894 6
888 6
913 3
905 6
603 1
961 6
130 7
73 0
399 9
148 8
199 4
494 9
834 3
202 8
504 8
307 4
287 0
99 5
932 9
207 0
112 4
996 7
940 9
91 4
470 5
231 3
983 6
671 9
610 8
681 7
114 7
509 9
203 8
533 5
804 9
66 1
14 4
331 0
799 1
418 5
245 7
909 7
668 1
55 3
390 1
483 6
140 0
481 4
677 6
521 8
683 0
420 2
218 9
867 9
761 0
161 4
322 5
197 7
292 8
601 9
405 3
11 0
321 0
93 8
372 7
878 0
993 5
177 3
494 4
449 2
783 8
285 2
771 6
379 2
198 4
827 6
538 9
986 7
487 4
24 9
364 3
63 6
970 6
74 3
618 4
516 2
374 0
35 1
604 3
418 6
468 0
679 0
25 4
591 3
106 0
31 2
813 4
304 1
980 0
421 0
70 0
525 5
905 1
930 2
691 6
106 3
625 1
874 5
997 5
437 7
10 8
271 2
42 2
865 4
834 8
808 1
519 6
962 7
319 5
83 7
747 2
224 9
412 4
427 5
134 2
221 0
194 8
476 6
22 1
557 2
445 4
438 0
158 5
875 2
75 4
961 9
591 1
953 7
633 4
572 3
48 4
20 9
342 2
687 0
169 4
979 8
673 6
622 7
444 9
711 7
271 6
323 0
621 6
18 3
630 0
606 3
289 0
119 9
310 9
168 2
124 8
360 3
897 7
460 0
80 4
281 9
353 7
432 2
971 5
147 4
263 7
158 8
506 3
20 0
194 0
150 5
955 1
297 8
771 7
359 6
206 0
313 1
856 5
15 5
363 0
930 6
548 7
27 9
25 0
642 4
154 9
802 1
672 3
62 0
522 2
451 7
685 7
43 2
712 1
864 4
120 2
275 2
766 6
592 0
387 4
513 2
424 5
389 6
581 9
952 3
639 1
32 5
867 7
62 8
629 1
31 5
190 5
259 6
404 1
420 0
357 2
558 1
46 9
739 1
65 5
549 9
555 5
312 2
155 4
381 9
996 6
517 9
53 8
319 4
335 4
981 8
792 9
98 4
729 8
428 8
939 9
778 3
197 9
64 2
319 9
301 7
624 1
997 2
424 2
752 4
474 3
231 2
545 0
798 8
328 1
501 6
101 6
198 9
14 5
680 1
218 3
550 0
390 7
418 3
252 0
667 3
203 5
276 7
847 7
509 8
721 2
968 7
591 9
365 8
448 5
314 1
300 7
28 5
93 7
726 7
818 5
600 2
966 6
493 1
141 8
669 1
852 3
971 1
568 7
594 7
225 6
610 1
423 6
988 6
387 8
735 2
159 9
155 7
992 1
438 3
185 3
306 5
940 5
305 6
942 2
718 7
809 7
948 3
500 2
581 0
998 5
740 0
959 7
163 2
867 3
702 7
167 5
858 1
433 9
197 5
332 7
372 6
877 4
855 3
630 1
371 9
777 8
258 3
780 2
83 6
779 0
633 0
523 6
586 8
554 2
849 6
975 4
74 1
956 4
270 9
799 4
94 7
125 0
51 7
449 5
441 4
443 0
560 1
386 1
316 8
35 2
442 5
19 6
620 5
981 5
853 9
907 0
235 4
705 2
484 9
493 5
460 8
329 4
51 1
764 5
857 9
241 2
202 7
214 5
822 8
583 2
759 0
803 8
122 6
296 1
838 4
640 8
343 8
667 9
37 0
871 7
449 1
312 5
889 7
607 3
662 7
692 6
6 7
333 6
747 3
360 8
432 3
858 2
483 0
894 5
934 6
565 0
598 3
562 0
479 7
938 6
26 6
367 8
661 0
844 7
75 8
40 6
255 7
636 6
237 4
568 6
742 5
209 0
492 9
345 4
732 7
798 7
834 7
528 0
200 5
50 4
904 4
356 7
657 0
604 7
268 9
736 0
505 8
117 9
82 7
317 2
872 6
53 2
514 9
668 5
969 5
651 8
376 5
472 7
313 7
343 6
320 7
127 2
528 1
370 7
945 0
395 8
892 0
909 3
330 8
960 7
33 6
153 3
974 6
989 6
462 2
514 0
561 0
152 0
879 0
511 8
671 8
839 6
738 9
956 0
208 8
326 0
992 5
170 8
498 5
908 0
876 6
641 7
764 9
452 6
456 9
61 4
960 8
584 5
970 7
607 0
113 6
553 9
332 2
14 6
940 4
933 7
837 3
702 9
769 0
948 2
760 0
457 2
184 2
716 1
463 3
240 8
842 9
230 5
799 8
718 8
709 1
930 4
934 0
839 7
500 8
762 0
330 0
633 6
637 1
272 6
513 4
289 4
626 4
990 0
709 3
822 3
180 7
727 7
988 5
824 4
893 3
271 5
956 7
949 0
969 1
453 8
207 2
670 1
885 3
516 1
821 4
595 7
582 5
503 0
551 9
154 6
425 3
403 9
673 4
539 4
251 0
57 6
703 4
707 2
533 9
941 1
731 4
56 7
256 2
857 1
879 5
457 0
328 7
106 5
508 6
66 4
823 1
106 7
194 4
329 1
678 8
363 2
692 0
59 3
129 1
126 3
778 1
996 0
869 0
369 8
930 1
145 4
831 5
846 9
131 9
537 8
741 2
16 7
676 0
801 0
107 6
344 8
262 6
948 6
89 2
925 6
885 7
826 6
134 3
292 9
264 3
549 7
937 7
997 9
913 7
385 4
362 9
363 7
784 0
226 7
964 2
687 8
789 4
11 6
209 8
445 3
620 1
680 9
654 7
144 3
459 2
995 3
245 9
395 9
948 9
151 5
281 5
661 8
986 2
406 9
495 1
104 8
880 0
33 4
89 4
49 7
251 9
597 8
598 1
227 5
957 6
887 6
830 6
561 4
286 0
43 1
974 5
344 7
835 4
581 1
896 3
554 1
522 6
534 0
136 4
212 0
751 7
939 3
660 5
187 8
624 2
33 5
777 0
506 1
525 0
76 9
285 0
428 1
786 5
928 7
417 7
236 5
65 7
819 0
201 7
734 9
818 0
383 8
104 2
874 2
865 7
229 7
287 2
113 5
740 7
435 5
881 0
173 7
546 9
79 4
22 6
409 1
600 9
78 1
133 8
254 3
167 4
498 1
651 4
910 1
58 9
632 5
150 9
174 4
286 7
232 8
893 9
324 5
472 4
505 9
370 2
914 3
40 4
552 1
186 5
605 0
385 8
954 3
548 8
991 9
562 6
561 2
30 9
763 1
689 9
12 6
283 0
847 2
397 5
335 9
524 0
518 0
533 2
614 6
190 0
401 9
964 5
310 3
218 5
204 6
789 3
62 9
982 7
402 4
743 6
529 1
109 0
380 6
122 2
507 7
947 6
264 9
358 7
212 2
775 8
685 9
293 1
348 5
277 2
898 2
954 7
72 7
785 0
851 8
606 4
382 4
334 4
338 8
814 3
693 2
888 3
666 7
350 2
190 7
825 0
96 2
887 8
410 6
756 8
775 9
934 9
836 4
614 4
684 6
467 4
692 3
354 4
35 6
448 2
110 2
893 6
231 5
836 5
36 4
909 2
913 6
663 9
704 0
225 2
895 8
632 3
740 9
370 9
654 8
680 2
820 3
769 7
717 4
83 1
23 9
429 7
261 2
627 5
119 5
921 1
474 2
458 8
64 6
502 9
570 3
723 2
379 9
887 1
130 2
449 7
354 6
448 0
747 5
31 9
248 2
810 4
270 2
182 9
893 4
531 5
382 8
780 5
356 0
705 7
856 4
935 3
743 9
273 3
869 8
55 2
149 3
397 3
188 5
641 8
447 9
74 9
180 6
548 4
462 4
273 6
473 0
911 7
874 8
616 0
880 2
279 0
84 0
4 5
380 9
88 1
371 4
278 2
965 7
845 9
611 4
461 1
758 6
774 0
799 9
669 7
301 1
163 7
127 5
97 6
81 5
168 0
371 7
650 7
7 1
724 2
183 9
704 5
754 8
156 0
31 1
637 9
187 5
850 2
283 3
941 3
585 0
176 4
645 8
652 5
969 4
90 8
546 0
496 0
302 7
368 9
520 0
351 2
523 4
166 6
430 7
105 4
338 2
649 0
45 6
339 0
489 8
937 9
683 3
492 1
2 2
481 6
106 8
655 0
922 2
606 1
684 7
793 6
503 3
318 2
876 0
728 3
78 2
514 4
869 6
941 2
805 1
836 6
337 1
400 1
978 1
284 9
836 8
478 8
373 8
403 2
845 4
204 7
16 8
91 6
17 9
842 2
813 6
227 3
418 4
547 4
987 1
878 9
429 9
315 7
139 5
21 3
773 5
979 5
653 9
654 1
189 3
77 6
130 4
658 3
793 0
768 0
855 1
228 3
888 9
36 1
893 0
341 2
689 3
147 2
301 4
334 0
117 0
753 7
689 2
629 6
806 4
984 1
956 5
748 8
81 6
147 3
85 6
572 1
625 4
287 3
204 3
544 9
967 0
996 2
127 1
740 1
222 0
61 8
854 1
234 6
366 3
683 1
329 7
470 1
646 7
917 5
725 5
797 9
288 8
49 0
807 3
743 8
111 7
121 9
731 0
955 4
883 1
457 4
201 5
135 4
885 9
32 3
33 1
531 4
480 6
2 8
964 1
902 7
416 0
175 3
452 9
771 3
613 4
170 4
602 2
351 1
562 7
783 1
401 2
798 4
986 6
541 9
347 6
676 5
962 5
13 2
552 9
421 5
265 3
851 4
594 6
195 2
866 7
908 2
857 7
859 3
916 1
683 7
543 1
151 7
776 6
346 7
827 5
333 3
996 5
329 6
140 5
274 0
27 0
959 6
528 7
601 3
980 6
72 5
908 4
291 4
236 4
912 6
756 2
427 1
911 9
768 1
775 5
232 0
915 2
563 5
414 8
103 9
658 2
975 6
399 3
649 6
402 6
228 8
261 4
689 1
19 4
843 1
264 7
382 2
763 8
264 0
427 9
85 8
176 3
555 3
760 2
690 2
605 8
501 0
518 4
928 0
520 5
777 6
944 2
521 6
768 8
89 3
943 7
240 9
189 8
7 4
840 6
292 1
75 9
382 3
96 1
845 6
432 7
184 9
873 3
759 5
801 4
294 3
784 6
48 5
948 1
517 7
153 5
948 4
349 0
130 8
386 4
228 4
897 4
770 1
5 7
519 3
848 4
878 4
74 7
341 7
821 9
416 5
73 6
159 1
684 4
242 6
896 1
383 6
619 2
944 6
719 0
780 9
391 2
183 5
718 5
76 5
421 3
375 6
811 7
494 1
230 8
24 7
93 2
53 5
973 4
914 5
592 5
695 1
169 5
27 6
627 2
429 2
128 3
440 6
57 9
365 0
549 3
659 5
673 1
800 4
542 6
63 4
58 7
587 9
86 6
73 7
161 2
328 6
376 1
932 1
15 2
899 5
276 0
76 4
257 6
342 9
88 7
111 3
426 4
593 5
437 3
632 1
91 5
158 9
524 5
25 1
551 4
636 5
582 4
674 8
510 5
691 8
999 7
861 3
973 1
674 6
495 9
110 0
149 2
686 1
350 4
855 2
484 8
47 4
278 6
799 0
155 3
841 3
959 9
564 3
858 0
765 6
456 7
281 4
970 4
472 0
451 8
496 8
718 9
959 8
405 6
581 7
488 0
170 7
814 2
823 8
446 0
484 7
15 1
728 0
602 4
965 2
321 1
967 5
836 3
175 5
807 1
379 6
820 8
96 4
795 4
985 3
494 8
748 9
971 9
774 1
9 3
542 9
749 1
837 4
280 5
53 6
411 9
688 8
758 4
614 0
537 7
9 2
720 4
275 4
298 0
424 9
96 7
127 8
323 5
468 7
947 4
937 3
239 2
828 8
849 1
266 2
751 5
396 3
994 8
511 1
233 0
269 6
272 2
759 4
737 0
327 8
613 1
429 0
954 9
352 2
420 9
687 2
180 0
460 5
401 0
48 0
422 6
985 2
661 9
610 0
927 4
475 9
76 0
716 0
286 2
464 5
109 1
648 6
92 6
670 6
539 0
331 7
489 9
89 7
89 0
793 9
700 4
609 4
842 8
111 1
127 0
590 6
755 8
494 3
580 3
580 0
949 5
808 8
466 6
576 9
352 4
611 5
723 4
411 2
25 6
715 7
782 6
393 6
659 1
408 2
815 7
142 5
911 4
120 7
44 9
615 1
994 9
781 6
355 6
326 7
358 5
113 0
244 4
165 9
934 5
816 9
443 6
763 3
163 5
212 4
314 5
659 2
819 7
512 1
798 0
759 9
706 4
153 7
54 6
928 9
830 0
499 1
992 0
693 9
392 1
771 1
443 9
882 7
426 1
414 5
520 2
993 2
609 9
190 4
305 2
462 6
151 8
855 7
175 8
595 3
49 9
405 5
80 2
115 7
977 1
50 0
37 5
899 8
358 8
226 6
274 7
281 7
703 8
295 2
208 5
721 0
903 6
444 7
883 9
829 7
905 4
320 6
930 7
593 6
697 9
998 0
28 7
382 6
774 6
6 9
554 7
125 3
841 6
201 6
483 8
863 4
490 0
506 9
640 5
145 7
5 9
333 7
826 7
848 3
495 4
96 6
840 1
864 1
133 0
624 3
5 4
166 8
409 6
114 1
695 7
159 2
798 5
729 1
316 6
705 8
504 6
215 5
776 1
55 4
891 7
930 9
12 9
682 1
532 0
904 3
806 7
293 4
139 6
787 8
534 9
536 5
338 3
582 1
871 1
243 7
681 5
992 4
694 3
650 9
706 9
84 6
955 8
963 2
737 8
993 9
453 5
542 8
515 9
465 0
100 8
793 3
813 9
456 2
392 5
523 3
510 2
381 4
283 4
453 1
286 8
652 1
25 7
535 3
603 4
297 2
507 5
943 6
616 5
195 7
642 8
399 7
109 7
716 6
148 3
565 2
943 3
409 3
851 3
892 1
552 2
584 8
193 3
590 0
479 0
324 1
759 7
596 1
753 1
205 9
873 0
555 9
607 6
465 1
723 3
105 9
677 1
449 3
612 0
420 6
830 2
733 0
507 0
267 9
119 0
939 6
983 8
123 8
591 0
398 7
395 2
709 8
277 8
498 7
344 2
563 9
74 4
403 0
410 5
596 7
744 6
97 2
839 3
272 3
857 3
712 9
999 4
354 8
258 4
389 7
719 5
515 6
722 5
114 4
184 0
192 7
969 9
512 5
227 7
856 0
146 3
986 4
698 9
13 8
608 6
919 4
955 0
802 6
350 6
755 2
885 4
371 2
970 2
500 5
185 7
908 3
175 7
178 5
862 5
24 3
937 1
342 5
168 7
127 6
94 0
286 3
935 5
722 1
75 5
283 7
525 1
273 2
151 9
555 4
540 3
425 0
271 3
775 4
285 7
443 2
526 6
442 9
489 5
721 9
418 0
747 9
314 4
446 9
412 1
39 7
524 4
766 1
745 1
34 5
328 0
266 5
812 3
740 5
34 9
490 1
506 4
384 4
304 3
336 7
245 8
681 1
48 1
797 1
812 1
679 8
460 4
777 4
570 7
33 3
699 2
230 0
584 9
154 0
125 8
768 6
452 2
655 6
517 8
85 2
70 2
122 7
686 7
677 4
141 2
992 6
730 6
350 9
315 3
92 3
94 4
644 1
53 1
288 9
309 4
320 3
170 6
288 1
748 3
238 4
441 5
102 5
493 7
729 6
455 0
588 4
308 5
611 6
746 7
142 0
437 5
388 6
475 3
145 9
917 2
242 9
362 8
983 1
191 6
790 9
355 8
602 0
211 5
806 5
437 0
167 2
598 5
85 7
96 9
173 5
998 1
135 6
278 5
206 4
914 1
130 6
226 0
989 9
220 6
78 5
55 0
897 1
340 4
920 5
545 2
552 0
948 5
336 4
783 9
77 5
618 3
325 6
586 2
760 9
296 9
353 4
539 8
586 1
810 7
168 9
655 7
706 5
146 6
517 3
537 4
921 0
984 0
845 2
66 7
61 9
629 8
209 9
291 8
4 8
377 5
983 4
797 6
173 4
645 7
355 4
6 6
717 5
17 4
60 5
365 3
158 0
994 1
35 7
975 2
402 8
383 2
916 3
856 1
697 3
356 3
467 2
51 2
454 5
545 1
73 4
170 5
490 7
526 5
589 5
924 5
465 5
655 4
532 6
873 6
872 1
644 2
936 6
280 9
366 6
851 7
207 7
156 5
794 3
407 1
310 4
306 4
320 5
38 6
45 9
284 8
616 4
517 2
159 8
269 9
425 9
659 6
459 0
438 6
847 5
749 3
395 5
944 9
847 1
249 7
108 8
800 9
935 6
623 1
496 5
526 8
300 9
770 8
617 9
803 3
680 6
592 1
611 1
835 9
218 0
352 1
375 3
529 4
768 5
376 9
921 8
871 8
501 9
769 6
133 3
723 7
405 7
351 9
669 6
604 1
622 0
458 3
318 5
508 1
725 4
186 3
522 9
48 2
909 1
171 4
476 3
646 2
945 2
912 9
893 8
900 1
516 4
789 9
481 8
651 0
687 7
169 8
915 3
578 9
88 4
263 9
189 9
897 6
39 4
706 8
268 2
532 2
888 5
86 1
232 9
844 5
42 5
265 8
94 6
357 6
40 9
578 3
267 7
889 0
989 7
960 9
370 0
163 9
745 5
772 1
140 4
440 9
345 2
478 0
586 4
436 7
815 0
160 0
485 6
472 9
299 4
468 3
294 0
921 2
632 0
325 3
632 4
493 3
330 5
942 1
16 9
510 7
995 2
431 5
365 4
627 7
682 9
716 5
226 2
712 7
658 0
26 4
384 2
352 5
222 5
726 8
464 9
352 7
481 5
463 9
303 9
101 2
265 6
788 6
608 4
330 4
789 2
311 7
224 4
13 3
357 7
100 6
709 9
242 4
186 4
86 2
891 1
754 7
870 5
673 0
384 8
254 2
256 6
143 4
426 9
3 2
419 6
144 7
786 1
191 8
938 1
765 7
953 2
967 6
606 8
95 7
486 9
323 7
833 1
828 1
65 1
680 5
340 2
576 4
206 8
258 0
317 6
270 0
622 8
339 9
43 4
22 2
159 0
14 2
544 0
717 1
306 9
202 6
754 4
423 4
393 2
591 2
182 2
134 6
765 9
841 2
659 7
809 5
522 3
802 8
373 9
846 4
165 7
310 7
51 9
882 6
866 2
407 3
695 8
159 4
735 9
822 0
368 8
452 4
943 1
122 8
736 6
979 0
355 9
260 5
666 6
796 8
421 7
864 3
441 0
628 2
516 0
536 1
440 3
869 5
291 2
416 4
157 8
229 5
465 7
63 9
245 6
123 0
463 1
954 4
296 4
639 4
263 3
771 5
471 8
662 1
180 4
525 3
836 1
17 7
301 2
198 6
820 9
860 1
540 9
886 2
53 7
166 0
287 8
917 8
714 9
616 2
992 2
312 9
727 1
243 5
896 8
109 4
44 0
623 3
952 6
625 5
33 2
783 7
410 8
750 1
586 0
866 5
6 4
588 1
905 0
785 7
789 5
337 9
976 5
988 0
516 3
465 3
342 0
986 9
745 6
57 4
593 9
327 0
394 1
348 4
336 3
561 1
274 4
690 3
968 4
985 4
46 5
552 8
904 7
517 6
47 6
137 2
131 1
925 9
752 6
433 5
598 6
300 6
463 4
499 7
906 8
788 1
211 9
444 5
119 6
819 9
105 7
779 8
354 9
68 2
731 5
467 8
163 8
69 3
57 2
892 7
148 2
823 3
563 3
968 1
247 2
691 1
461 6
292 0
818 1
296 3
416 8
143 0
573 5
130 1
576 3
635 6
729 9
155 2
641 9
850 3
964 6
829 0
863 6
47 7
732 1
87 5
458 9
48 9
461 8
681 8
854 6
446 4
657 6
516 7
713 7
456 0
668 6
643 1
505 4
502 8
739 6
326 1
908 8
447 8
284 6
633 9
298 6
622 4
719 1
129 7
543 4
316 5
443 7
882 3
10 9
167 6
883 4
395 6
549 1
479 9
717 9
203 6
403 3
591 4
535 4
958 1
353 8
248 6
917 6
110 5
967 2
377 4
412 3
172 9
268 4
479 1
903 9
585 4
435 6
728 7
961 3
323 1
867 2
365 5
417 0
422 0
49 2
504 1
432 0
762 1
627 4
115 1
773 1
782 7
234 8
250 0
530 4
616 6
843 9
260 6
528 3
776 3
535 0
543 7
741 7
247 7
906 7
29 9
424 3
199 8
694 0
638 7
795 8
631 9
234 5
888 8
439 1
924 9
859 1
862 0
492 7
131 7
511 2
583 6
421 8
164 6
951 3
162 4
37 2
501 1
953 6
787 4
807 0
32 6
952 1
747 4
177 0
624 6
232 4
169 7
914 2
280 3
311 0
193 5
908 7
520 1
776 7
451 6
176 9
738 7
145 2
249 0
445 0
573 7
405 4
450 4
759 6
749 8
960 4
216 4
713 5
44 5
321 4
344 9
624 5
12 7
525 9
611 9
980 8
580 2
214 2
919 9
634 4
682 6
824 2
949 2
798 1
120 9
787 6
149 9
537 0
829 9
685 8
18 6
655 8
371 5
575 9
251 5
389 5
928 4
708 7
422 1
402 0
317 0
708 3
164 7
289 3
8 0
970 0
642 7
139 3
931 3
756 1
739 9
371 3
771 4
476 2
228 5
323 9
10 1
972 5
294 5
542 3
522 4
620 3
5 0
87 7
873 1
10 6
781 1
367 2
850 9
492 4
58 2
871 9
237 8
415 6
549 5
359 8
817 0
875 7
997 4
57 0
344 6
329 9
71 1
678 4
11 2
150 6
62 2
123 7
487 1
932 3
150 1
849 7
541 0
331 8
280 2
239 8
117 4
433 2
813 0
936 0
678 0
71 4
548 6
19 2
363 5
625 3
423 1
259 8
493 8
235 8
288 5
244 7
780 1
414 3
309 9
298 5
784 8
904 6
307 9
330 9
883 6
719 9
176 7
867 1
854 3
296 5
910 0
213 0
77 8
892 8
324 7
529 9
322 0
563 8
568 2
810 6
859 9
379 8
966 3
236 7
414 4
179 5
216 2
923 9
73 2
753 4
518 3
8 7
889 9
744 2
694 1
653 7
854 9
348 9
564 4
21 6
474 4
356 8
248 8
435 4
72 3
817 7
65 3
865 0
208 0
920 4
713 3
552 7
70 5
654 0
973 2
558 4
258 6
419 1
135 0
345 7
466 0
944 1
117 7
750 0
774 9
59 6
406 3
244 0
858 9
346 6
432 8
699 3
572 8
550 8
396 4
417 4
462 3
102 9
885 1
12 2
34 6
422 3
592 9
193 0
873 7
755 9
670 5
551 1
636 1
668 2
809 1
162 8
146 8
739 7
727 9
590 9
379 3
603 7
511 3
454 3
71 9
17 8
41 7
828 5
909 8
765 1
282 5
266 8
697 7
999 6
461 2
615 7
541 4
323 8
894 3
322 2
92 2
703 9
41 9
70 1
277 3
355 5
385 9
290 6
347 3
864 5
754 3
733 3
78 8
794 7
79 7
659 0
52 6
329 0
634 8
864 0
800 5
533 6
439 7
401 7
498 6
711 9
384 5
461 0
700 1
700 5
765 4
335 2
121 8
695 9
649 2
562 8
610 5
265 2
52 2
958 6
981 1
450 9
220 9
418 1
89 6
369 7
128 9
487 5
194 3
34 0
846 3
577 6
663 5
722 4
387 7
165 8
374 7
475 0
928 3
749 5
851 9
468 2
606 0
406 7
191 2
968 0
911 5
773 2
568 5
316 2
963 7
292 6
15 4
486 7
356 4
516 6
995 7
582 7
835 0
599 0
563 4
180 8
902 4
455 5
140 6
378 6
328 9
351 8
495 6
525 8
769 8
477 3
788 4
110 7
873 5
317 7
406 5
598 4
411 8
746 2
692 8
961 4
861 2
775 0
893 5
81 0
8 6
949 7
732 0
578 8
281 2
998 2
279 5
515 7
111 6
904 5
883 7
627 9
144 1
546 7
432 6
679 4
158 6
262 3
978 2
518 9
785 3
446 3
686 3
179 4
890 4
981 7
862 7
451 1
612 6
539 9
585 2
70 6
75 7
578 0
168 6
348 8
669 0
111 2
829 5
228 6
401 4
26 2
194 7
737 3
8 4
804 4
102 7
72 4
816 5
71 2
294 6
220 7
842 0
858 7
597 3
113 9
230 3
661 5
480 1
543 3
214 6
894 2
319 0
611 0
783 4
124 4
653 3
602 9
276 5
769 5
733 2
401 3
502 0
82 5
803 4
36 3
739 5
679 2
839 5
780 7
218 8
400 9
118 6
509 5
318 6
101 8
735 7
894 0
132 4
122 4
205 0
711 8
621 7
