154 8
772 0
149 3
509 2
244 5
127 7
66 0
181 7
558 4
429 3
389 9
319 2
311 4
836 6
586 7
719 5
454 4
916 9
231 7
389 8
864 3
294 8
515 2
793 0
377 6
863 7
128 9
790 6
302 7
122 8
141 3
564 9
418 5
163 5
387 5
900 3
38 8
983 0
502 9
368 6
931 7
808 9
942 4
472 7
667 2
470 9
267 0
1 0
542 1
965 2
417 2
496 4
462 7
243 3
804 9
146 4
881 3
29 4
407 8
885 6
932 9
933 4
298 3
263 0
744 3
511 9
676 9
941 3
107 0
621 9
58 9
970 0
708 1
850 1
593 6
473 8
599 4
338 7
773 2
96 7
810 3
610 9
851 7
151 2
927 7
777 6
960 0
325 6
666 6
515 9
632 3
131 7
62 1
865 8
418 8
89 2
305 2
730 8
682 1
356 7
168 9
672 8
141 8
629 6
267 9
997 2
541 0
770 8
172 3
403 9
732 1
386 8
173 2
165 2
781 9
4 6
675 0
826 7
880 8
708 6
236 1
122 9
256 0
123 2
50 5
505 5
573 9
726 4
343 5
255 4
778 7
907 0
283 7
275 6
438 9
805 2
242 0
375 7
860 1
670 6
334 0
130 4
898 6
444 8
543 9
484 1
520 0
360 3
452 6
63 4
822 3
397 3
352 8
910 2
477 9
855 0
727 5
837 4
368 2
127 3
951 4
71 6
592 3
785 0
708 9
958 8
758 7
263 5
942 6
160 9
295 0
568 5
245 4
407 1
141 1
75 1
812 8
97 7
616 9
617 0
426 4
987 7
298 7
154 2
321 5
455 9
386 1
914 1
222 9
721 3
510 5
667 8
338 8
833 3
539 3
64 3
451 8
809 7
719 9
856 5
87 7
238 4
47 1
262 6
735 3
913 7
631 0
634 6
851 0
423 3
131 5
933 3
487 4
498 2
846 6
334 4
245 7
969 0
495 6
512 9
119 4
752 2
768 8
908 0
822 8
644 4
413 9
590 1
185 0
180 2
803 5
382 5
710 0
876 4
268 8
768 6
761 1
545 8
185 8
613 8
614 5
612 1
852 6
293 6
757 7
533 1
428 6
818 0
505 0
97 0
353 9
704 2
589 6
379 7
810 5
811 5
395 5
955 4
402 7
86 6
248 0
267 5
397 6
138 0
9 3
249 2
845 9
573 7
617 6
767 1
228 8
465 6
924 3
404 2
225 4
603 1
156 3
582 0
219 4
742 0
562 2
139 3
523 9
888 7
471 4
892 4
177 4
188 2
297 7
554 3
733 5
98 7
891 9
93 2
607 4
204 3
916 3
884 3
73 7
21 0
268 3
837 9
940 7
328 1
42 6
481 7
175 8
989 6
577 1
961 0
11 7
120 2
191 7
317 3
521 7
861 1
441 6
332 0
664 1
886 8
277 2
580 9
989 7
308 0
393 8
189 5
237 9
214 2
902 7
377 0
924 1
539 7
222 3
393 9
239 2
841 6
609 1
510 3
138 9
577 6
508 3
562 0
769 0
178 5
457 7
98 3
56 8
659 0
185 7
271 5
643 8
330 1
279 8
315 0
255 3
879 1
371 7
417 8
343 0
237 4
500 8
641 0
406 5
144 2
198 8
676 0
652 4
84 5
132 7
607 7
863 1
81 3
369 6
829 8
676 6
78 7
564 5
572 1
289 6
10 8
689 9
937 4
743 2
94 7
303 7
746 7
461 8
184 3
307 4
173 4
356 6
994 4
779 1
954 9
702 2
893 7
832 8
335 7
963 2
337 4
46 0
710 4
724 7
194 6
452 3
29 3
117 7
815 0
854 8
170 2
963 0
558 8
457 3
601 3
804 7
861 3
392 3
82 5
455 1
950 3
755 0
784 5
113 0
944 7
956 6
411 8
238 7
121 3
76 2
595 0
764 7
382 6
186 6
827 9
527 1
189 4
364 0
136 5
767 9
602 1
284 9
124 8
846 4
505 3
453 1
549 2
26 2
344 2
732 0
49 5
16 6
36 6
671 1
529 4
491 4
872 4
663 7
584 5
957 0
523 3
310 4
399 0
476 0
500 5
300 7
971 3
203 8
188 9
700 0
110 9
556 3
887 0
822 7
482 0
33 7
149 1
518 8
381 2
187 4
347 5
515 8
449 6
278 2
259 2
357 8
601 1
743 3
365 3
764 6
842 9
669 7
917 7
282 9
796 1
615 6
896 3
527 0
312 3
952 0
435 2
934 1
415 2
924 9
709 3
727 6
673 6
200 0
101 6
723 5
320 7
923 4
386 4
462 8
640 9
502 8
178 2
797 6
691 3
479 3
916 4
757 8
154 0
264 6
71 9
973 7
511 8
529 9
634 1
896 7
147 2
426 0
555 2
930 5
22 2
70 0
315 3
186 0
905 6
6 1
971 0
543 8
628 8
391 8
840 8
702 5
93 0
946 7
513 2
466 7
177 0
555 3
967 2
480 4
412 4
709 6
779 3
232 7
680 6
388 9
631 3
202 5
331 6
441 2
396 7
470 6
693 2
833 2
513 4
324 1
646 6
804 6
361 7
770 5
563 3
889 4
796 5
581 4
849 3
740 9
842 2
848 9
119 6
411 2
963 9
840 0
461 1
820 4
684 7
918 6
275 5
165 5
841 1
145 1
563 0
31 3
985 6
290 3
270 3
82 4
612 7
119 1
198 0
994 7
740 4
446 0
530 1
63 0
662 9
891 7
790 9
212 6
750 1
699 9
196 3
362 8
586 8
644 1
513 0
542 6
263 7
815 5
367 9
585 0
996 6
301 6
400 1
163 4
91 4
95 7
139 7
299 2
313 5
606 7
336 5
300 0
466 9
318 0
492 8
5 1
416 2
470 3
73 1
61 5
724 2
772 8
535 7
544 1
268 0
413 2
175 5
897 8
361 6
146 5
958 3
405 6
218 8
85 8
648 0
108 3
121 7
374 3
66 7
773 1
744 1
771 8
455 3
288 5
230 6
53 6
332 6
763 4
758 9
977 7
349 4
326 4
665 6
684 1
348 6
161 9
427 7
173 7
222 6
788 6
21 8
961 5
88 1
932 7
691 4
183 0
558 2
124 9
691 1
790 1
535 8
8 5
55 4
19 1
934 7
980 3
196 4
722 4
148 0
377 4
731 4
678 4
438 8
595 5
943 2
336 2
528 1
687 0
772 9
596 2
121 9
356 5
970 7
530 5
310 0
845 1
622 6
401 4
37 9
454 5
120 5
926 7
205 3
462 0
846 9
144 4
750 9
647 5
632 8
199 3
341 2
417 6
266 6
120 8
411 4
185 6
807 0
857 6
251 3
678 6
10 0
399 4
113 4
323 4
887 4
370 8
747 5
956 4
189 0
730 9
674 4
815 1
105 2
700 2
829 1
165 9
864 7
302 9
883 7
440 9
501 2
701 7
189 2
415 1
377 3
748 4
778 3
971 1
635 8
623 3
986 6
392 9
769 7
133 3
884 8
606 9
404 1
746 8
438 0
308 1
519 5
280 7
943 0
33 3
805 3
922 0
596 7
93 9
301 2
420 6
739 9
249 4
484 2
997 5
513 9
918 5
47 5
846 7
328 9
48 8
306 1
30 4
402 6
739 8
637 6
957 4
430 9
583 3
768 4
964 2
190 0
569 3
327 2
737 9
59 4
474 3
449 7
920 4
758 8
556 0
554 2
93 8
21 4
814 4
468 3
753 7
20 0
936 0
61 9
762 9
470 7
824 8
322 0
441 0
478 0
165 1
294 2
498 0
626 8
477 0
806 2
981 5
265 5
228 5
190 5
514 5
907 3
513 6
431 9
902 6
89 5
687 2
195 6
925 0
594 0
341 9
121 1
991 5
883 6
309 5
509 0
150 5
577 7
465 8
970 8
220 7
57 9
450 4
444 9
63 5
843 9
35 5
116 0
210 0
779 5
107 8
892 0
170 8
36 8
579 1
640 7
59 6
701 0
699 2
395 6
608 1
666 0
344 0
143 3
495 8
671 6
455 2
792 5
49 2
136 6
292 4
929 6
1 5
391 9
741 3
905 1
954 7
674 3
321 4
945 2
815 9
482 5
766 1
401 2
340 0
613 6
176 7
166 7
378 7
844 6
912 8
459 4
550 5
75 2
240 6
98 9
562 3
912 2
241 5
961 1
448 6
723 1
307 2
604 5
371 8
759 5
959 4
13 2
295 3
738 5
976 7
181 4
509 6
487 3
893 5
171 3
838 3
80 7
896 5
298 0
605 5
226 8
451 3
620 7
667 0
637 9
12 6
417 7
45 9
166 5
981 0
659 4
115 4
118 0
954 5
108 0
521 4
964 7
165 7
157 5
12 8
262 0
183 4
194 9
460 7
304 2
333 5
909 9
915 7
315 1
889 6
899 7
498 8
231 0
82 1
477 6
264 3
187 5
542 0
505 4
243 7
91 1
214 0
375 5
578 2
30 9
35 6
7 2
225 5
927 5
857 8
967 9
422 9
560 6
334 2
453 6
739 7
222 0
898 2
809 9
179 9
458 7
376 9
191 2
867 4
955 6
348 0
121 0
791 0
398 1
42 5
62 5
36 1
400 6
813 0
175 4
204 6
536 1
168 8
977 2
809 2
245 5
820 8
51 7
163 7
392 4
235 5
549 6
904 4
2 5
992 7
708 8
113 9
926 8
891 0
334 7
795 0
85 6
932 0
595 3
0 3
546 1
284 8
797 9
256 6
490 8
585 7
52 0
216 7
560 4
358 6
254 0
135 7
370 7
776 3
799 9
79 0
431 0
877 9
724 3
778 8
225 8
578 9
769 4
571 8
504 3
38 1
516 2
474 5
339 2
266 8
128 7
684 0
547 0
419 2
592 7
781 6
706 0
608 6
7 7
449 5
733 9
486 1
932 4
128 5
158 5
164 4
605 0
196 8
955 5
865 4
679 1
230 0
409 0
583 8
410 2
763 8
721 7
302 2
632 0
520 2
211 4
923 2
718 6
436 2
863 5
662 8
847 1
948 7
254 6
593 5
343 8
169 2
636 7
815 6
558 7
25 7
342 8
93 4
77 4
808 2
430 4
596 1
916 0
785 8
767 4
64 4
931 3
583 2
687 1
75 7
734 3
565 9
894 3
546 0
147 1
876 9
341 6
238 6
498 1
407 4
0 6
225 7
350 1
144 5
612 9
609 4
711 8
786 8
503 9
90 5
955 7
566 9
80 4
245 0
755 3
458 4
747 6
829 2
868 2
414 5
246 8
945 9
619 3
164 7
583 6
286 2
60 6
456 7
741 9
802 5
980 6
802 8
197 6
333 8
292 3
236 6
616 7
628 2
820 2
948 9
967 5
614 9
776 9
375 6
431 4
889 8
925 6
594 6
878 7
294 5
316 8
45 0
775 8
447 0
503 4
565 1
901 7
944 3
936 3
878 9
831 1
658 1
349 5
715 6
556 7
479 4
327 4
922 8
687 6
826 8
743 6
708 5
525 2
145 7
137 6
853 3
833 4
416 4
105 7
985 3
465 5
217 5
977 4
797 1
280 2
602 5
482 7
471 5
301 5
594 9
364 7
736 3
925 2
825 2
901 6
580 8
484 3
877 2
952 2
467 7
223 6
722 0
611 9
639 1
635 5
101 0
408 8
270 9
850 4
395 8
63 6
481 5
306 8
99 5
146 2
899 5
559 8
100 1
690 2
457 6
622 3
829 9
611 7
380 0
555 7
368 0
738 8
603 2
745 5
485 6
800 4
849 6
831 9
156 6
236 2
417 1
117 6
346 6
17 9
813 7
974 0
378 2
814 0
145 5
778 0
468 4
350 8
528 3
94 5
37 8
890 0
250 3
332 2
44 2
516 0
408 2
184 8
673 0
402 4
696 1
353 4
225 9
848 5
246 7
573 5
868 9
864 5
658 9
960 5
524 6
944 2
43 5
518 5
202 2
971 2
225 6
248 5
884 6
877 1
931 2
876 2
90 6
765 4
460 3
304 1
575 9
449 2
270 7
101 7
716 2
195 9
493 8
872 7
284 7
760 8
699 8
977 0
44 8
736 0
941 7
629 9
506 8
617 8
934 5
317 1
673 3
792 7
201 7
3 2
674 8
615 7
496 9
113 3
937 1
487 1
384 4
308 3
9 6
554 1
720 9
471 2
993 7
972 8
795 1
357 9
985 0
321 2
41 2
70 7
239 5
852 4
552 2
125 8
248 4
539 4
424 2
961 2
119 0
358 4
822 0
123 6
129 1
44 6
252 5
240 0
135 1
573 6
965 4
235 7
275 8
359 7
389 5
276 5
714 7
72 2
576 4
630 1
540 1
653 9
557 0
440 3
462 5
110 5
200 9
251 6
56 1
186 2
322 3
812 3
196 9
813 3
552 7
426 7
217 8
734 2
471 3
56 5
805 6
28 6
235 6
262 8
150 7
613 5
887 8
795 8
296 9
809 3
310 3
548 1
450 2
999 9
316 9
791 9
561 0
185 5
446 1
555 9
965 1
715 7
101 4
53 0
731 0
919 2
847 3
784 9
858 5
95 6
766 4
657 2
838 6
94 4
92 1
951 9
561 3
750 6
608 9
611 8
294 6
291 0
881 1
261 4
884 5
984 7
428 1
744 8
33 2
381 0
868 6
624 6
870 0
443 5
118 6
468 9
828 5
80 2
335 2
857 7
261 7
591 7
539 9
387 0
285 0
532 9
23 7
664 6
816 5
443 1
77 8
870 2
408 1
189 8
707 5
823 0
216 0
914 0
697 2
574 7
946 4
529 3
286 9
77 7
933 7
224 2
832 2
573 1
161 3
204 0
522 7
119 5
615 9
646 3
900 0
543 6
385 7
902 2
882 6
813 6
725 0
449 9
706 5
703 2
154 6
594 4
28 2
467 2
870 6
320 3
564 4
72 3
748 7
739 0
253 2
330 4
243 6
432 9
691 9
657 7
516 7
211 5
432 6
44 0
658 7
874 3
990 2
982 0
685 5
644 2
309 6
217 0
910 9
899 0
845 7
118 9
230 7
705 9
643 3
483 2
459 7
285 5
106 7
432 8
802 0
280 0
870 4
786 3
743 1
69 4
343 6
777 8
39 5
138 6
365 9
634 7
53 1
48 2
366 2
670 0
567 8
787 0
907 9
134 0
557 1
14 3
659 1
606 6
942 5
132 2
190 4
950 0
993 8
680 7
516 3
305 6
297 8
276 2
914 6
29 2
700 1
448 2
705 3
63 1
476 9
823 1
971 4
740 5
956 3
329 7
435 6
850 2
211 6
310 1
659 7
6 4
65 5
450 5
560 0
243 9
607 6
792 4
821 4
373 5
411 9
192 5
919 1
773 0
183 5
130 6
777 4
843 2
328 3
922 4
758 5
118 5
291 6
674 0
135 2
649 8
371 2
890 9
876 0
901 2
45 4
71 0
139 5
787 2
57 6
332 5
499 1
564 0
431 5
176 0
33 9
671 7
325 0
800 5
851 8
455 7
652 1
544 4
789 8
110 0
778 5
35 8
618 0
714 3
647 0
699 4
974 5
363 9
902 5
355 4
844 1
290 4
633 5
9 0
396 1
499 7
264 5
94 6
757 9
3 7
298 8
840 9
633 3
718 9
324 2
995 2
713 3
472 9
675 7
297 5
517 2
608 0
828 0
26 9
893 3
4 7
435 1
418 7
280 6
876 8
596 0
695 6
325 2
576 5
539 5
830 9
78 1
580 1
13 3
858 9
720 0
437 2
573 8
260 8
538 9
344 5
14 4
111 2
994 9
96 4
686 9
526 3
243 5
738 1
122 1
285 7
197 7
980 8
358 3
241 6
690 4
588 4
651 5
108 9
634 4
670 7
728 1
264 0
725 9
998 7
259 8
665 9
501 0
517 0
99 7
114 1
927 1
702 1
271 7
3 0
8 7
893 8
52 1
140 1
987 2
394 1
60 0
774 9
575 8
664 4
619 2
116 2
238 2
103 8
612 2
304 6
864 2
824 4
121 8
489 8
547 5
871 4
56 9
495 1
751 7
818 9
691 6
788 1
765 1
696 7
86 7
827 0
840 1
479 7
552 9
837 7
452 2
93 1
141 4
643 9
172 9
38 0
794 4
672 4
859 8
112 4
801 8
540 2
243 2
875 0
537 3
559 3
298 4
633 9
609 3
631 6
424 0
110 7
166 0
198 3
280 5
15 1
363 5
556 6
991 4
953 3
748 9
917 5
110 2
137 3
408 5
862 6
342 6
968 0
272 7
902 1
775 6
272 6
590 7
492 6
522 4
738 6
16 8
875 7
57 1
380 8
523 0
547 8
594 2
201 0
796 9
225 2
672 7
507 8
17 5
427 5
185 2
180 5
163 6
916 6
111 5
621 4
484 5
414 6
783 4
492 7
571 4
322 2
513 8
294 0
546 4
281 5
635 6
428 7
327 7
516 4
661 3
406 8
491 0
309 9
128 0
514 6
454 3
604 3
98 5
211 9
858 8
826 5
265 6
153 5
429 5
135 3
909 8
37 1
702 9
466 5
590 6
747 1
834 1
68 5
185 4
741 2
534 0
384 3
502 6
690 0
734 8
840 4
358 9
116 9
496 0
556 4
556 5
680 1
647 1
654 0
517 5
260 3
808 6
414 7
443 3
132 3
363 8
355 2
39 9
453 0
90 8
203 3
764 0
618 7
915 1
784 7
408 9
985 2
119 9
500 4
338 5
328 6
923 5
733 8
974 1
3 4
83 7
380 4
719 0
87 6
197 4
948 1
973 6
849 7
29 9
131 1
899 6
20 1
112 1
430 8
67 7
652 7
15 6
537 8
44 9
386 7
766 0
328 2
393 2
185 9
943 7
715 4
779 2
43 1
333 4
612 6
875 1
284 0
374 0
485 3
274 9
309 3
311 6
138 1
504 9
318 4
973 9
322 5
835 1
244 8
166 6
18 4
752 1
468 8
453 8
853 0
365 5
28 0
828 6
806 7
551 0
240 2
595 8
828 8
790 0
414 4
901 4
553 5
725 6
556 8
287 5
947 7
822 6
809 5
532 6
5 2
150 6
771 6
343 9
783 0
308 9
541 1
683 0
261 8
350 2
387 3
353 2
363 0
968 4
502 4
120 6
553 4
759 9
220 0
315 6
759 1
730 6
958 7
118 7
217 7
47 9
302 6
746 5
820 7
68 9
221 3
635 4
104 7
545 0
62 0
296 1
776 2
123 4
867 5
880 6
595 1
711 9
878 8
789 6
619 5
352 5
212 0
89 9
754 7
483 1
973 4
517 8
218 7
233 6
569 1
942 9
654 7
394 8
896 8
677 1
40 4
781 1
704 5
184 2
126 4
192 2
53 4
632 1
562 7
866 5
995 4
832 1
333 0
715 1
677 6
413 8
990 4
699 1
304 9
905 3
575 0
6 5
170 3
115 6
957 1
210 3
977 8
79 4
264 7
531 1
318 6
949 9
81 2
636 4
430 2
339 5
735 1
65 4
613 9
295 8
283 3
133 4
55 1
42 9
827 3
402 2
715 0
659 3
75 8
731 2
256 2
206 8
64 5
687 7
974 3
142 7
230 3
306 7
758 1
678 2
914 5
800 1
970 6
588 2
601 9
804 5
255 8
686 8
951 2
930 1
815 4
598 9
667 3
245 2
892 6
133 6
952 5
883 3
86 9
208 7
524 7
285 8
730 1
603 5
29 5
898 7
739 6
519 7
283 6
21 5
290 7
99 6
515 7
856 9
256 9
434 7
405 3
769 6
179 5
428 4
905 4
746 6
483 9
376 6
929 0
576 0
126 7
442 0
856 4
197 0
239 8
325 3
591 2
179 3
382 4
420 2
660 7
774 5
415 4
137 4
178 4
982 3
972 1
376 5
848 0
319 7
254 5
68 0
871 8
522 9
987 4
830 5
321 9
808 8
431 1
463 4
401 3
630 0
826 0
600 9
309 0
711 7
78 4
217 6
145 9
428 0
366 5
415 0
833 9
527 7
120 9
232 5
458 3
66 6
786 9
221 4
287 9
568 2
482 9
717 4
788 5
729 9
931 1
361 0
496 3
757 1
663 9
743 5
43 9
652 5
945 5
610 1
934 0
255 6
649 6
692 0
679 2
975 7
351 2
73 2
916 5
346 5
895 0
614 7
529 5
966 5
991 6
115 3
683 2
129 0
716 7
465 0
250 4
988 6
993 0
950 7
205 9
635 9
713 4
178 7
276 6
527 3
497 1
913 4
279 4
753 6
731 8
86 8
748 8
585 3
322 4
900 9
78 2
379 5
638 8
610 5
379 6
875 3
0 2
330 9
209 7
51 1
169 5
832 9
822 9
576 1
333 3
495 9
738 2
552 3
118 8
892 1
888 1
278 9
148 6
816 3
27 9
807 1
485 1
397 2
3 1
214 5
116 6
250 9
313 4
630 7
666 7
688 6
874 7
246 0
807 6
277 3
329 0
743 7
900 6
84 6
943 5
375 2
906 2
354 0
598 8
838 1
490 0
594 8
945 4
187 7
824 3
848 4
609 2
782 4
820 9
48 0
752 9
574 2
208 8
475 1
572 8
655 8
584 7
729 8
732 9
498 9
845 0
940 3
458 8
65 9
317 5
328 4
688 1
966 8
324 3
381 6
510 9
525 7
315 7
760 2
761 9
135 8
39 2
436 8
504 1
610 3
6 9
189 6
109 2
907 1
631 1
447 9
217 3
686 0
526 6
424 5
942 2
327 6
384 5
732 6
681 3
818 7
237 0
910 4
266 0
311 0
894 4
720 2
454 9
650 8
765 7
942 3
11 6
170 7
356 8
164 0
426 9
823 3
253 6
806 9
108 8
40 5
890 7
866 9
175 3
452 0
565 8
708 7
864 9
341 3
344 9
394 7
553 8
492 5
356 9
647 9
700 5
625 1
245 8
72 9
184 0
259 3
349 9
966 6
744 5
988 3
111 3
686 5
652 2
149 6
871 0
255 0
943 4
765 9
997 6
439 1
904 7
681 7
384 0
857 0
724 6
682 7
382 3
711 3
215 3
946 9
778 1
678 8
176 4
869 9
618 3
874 0
614 6
369 9
908 7
13 7
660 2
636 8
493 1
233 5
810 4
831 5
872 0
670 2
563 4
585 4
85 2
757 2
452 1
349 7
743 8
538 5
825 1
696 6
769 8
579 6
664 3
816 0
401 6
184 9
863 8
98 0
472 4
358 2
367 3
464 1
983 5
628 9
600 0
390 4
309 2
214 9
756 4
931 9
422 6
15 0
657 5
265 4
384 2
102 4
558 3
204 9
300 6
269 8
559 6
607 5
445 4
886 2
449 1
837 5
937 9
395 2
622 8
271 9
377 2
247 4
485 7
822 2
501 8
345 9
491 6
894 9
142 1
602 2
524 9
237 8
725 1
13 8
75 5
724 8
184 7
772 5
208 4
223 2
744 6
962 7
601 4
412 0
650 9
243 0
342 4
834 7
3 3
57 2
400 7
529 7
866 3
511 3
695 1
510 7
790 2
972 0
598 1
592 5
313 9
500 6
297 3
620 5
921 4
362 2
587 6
166 8
230 8
277 7
858 2
687 9
457 8
474 1
13 9
691 7
622 1
619 1
178 3
123 0
883 9
224 4
723 7
697 4
581 0
929 1
963 6
295 5
27 6
100 2
770 3
252 4
916 1
767 5
433 6
969 4
644 7
408 4
317 6
321 6
388 3
242 3
146 7
320 0
750 2
602 6
656 5
544 7
744 7
929 7
686 1
809 6
236 5
99 3
122 6
366 8
419 4
142 6
54 7
330 5
778 4
403 7
680 5
682 5
973 5
378 0
417 5
856 0
911 1
605 3
287 7
146 8
235 4
448 4
795 6
272 4
796 0
839 6
16 2
790 5
156 9
533 2
882 1
25 4
647 2
479 6
174 5
362 3
420 4
158 8
339 8
183 8
600 4
236 0
241 0
734 9
926 0
520 6
386 0
727 0
693 4
188 3
875 4
94 8
917 1
995 7
720 6
272 5
550 0
54 2
333 2
800 8
821 9
822 4
598 0
741 1
875 6
954 4
83 8
90 7
126 0
51 0
73 3
350 0
890 8
92 3
259 0
426 2
385 4
897 0
440 2
648 4
201 8
514 2
373 7
19 4
326 5
289 0
657 6
625 2
135 0
536 0
946 2
984 2
309 7
950 9
611 4
885 4
587 2
453 4
560 1
928 9
433 8
61 8
58 8
627 9
888 9
511 2
488 2
531 8
537 2
472 1
742 5
910 8
985 9
858 7
824 6
892 9
46 5
561 2
707 6
168 6
368 4
623 9
33 8
213 0
434 6
672 1
989 2
819 3
283 5
276 8
64 6
845 8
377 7
798 4
879 6
543 5
191 4
380 7
838 4
389 6
41 1
639 8
145 0
62 4
81 4
872 2
613 1
397 1
587 9
288 2
880 0
294 9
572 0
476 8
314 0
394 3
990 3
503 6
57 7
440 1
601 6
498 7
742 9
668 3
36 2
76 5
643 0
316 5
50 7
675 4
766 6
852 3
819 4
901 9
41 0
628 0
433 7
535 6
901 0
496 2
358 0
359 2
998 5
232 2
7 0
821 2
571 3
794 1
616 6
462 1
135 4
789 5
819 2
796 6
879 5
391 7
329 4
401 1
529 1
354 6
426 3
615 5
142 8
940 4
448 9
627 8
915 8
527 8
602 8
352 4
837 8
649 0
957 9
23 3
523 1
161 0
956 0
554 9
156 2
197 5
793 6
936 7
396 6
4 0
127 2
873 3
977 1
916 7
934 6
364 8
397 9
526 0
665 1
556 9
397 5
717 5
488 0
793 9
626 7
841 5
519 3
18 9
508 7
628 1
296 7
274 4
374 7
601 0
249 0
347 8
591 5
152 2
322 9
763 3
436 1
933 8
514 0
584 8
998 2
722 9
653 7
175 2
828 3
760 0
672 5
766 7
74 8
793 2
144 7
857 5
674 5
12 5
834 6
520 8
704 6
997 9
589 3
761 0
825 8
234 7
332 3
312 7
762 6
764 5
305 0
218 5
826 9
369 3
883 2
286 5
767 3
821 5
855 2
46 6
620 9
655 2
643 2
664 9
628 3
434 4
102 9
363 6
665 0
783 9
385 8
576 7
784 8
535 1
781 0
116 7
775 2
46 2
176 6
27 5
271 4
103 2
582 5
506 4
336 0
749 5
688 4
124 1
657 8
315 5
187 3
391 5
337 8
967 3
224 0
669 1
282 2
216 8
272 3
882 8
565 2
35 7
545 7
918 4
648 8
950 6
554 7
122 7
746 1
97 9
324 6
84 2
719 2
99 4
487 5
132 5
905 8
16 7
192 6
890 2
450 9
499 5
598 3
216 6
790 8
239 9
88 7
418 0
938 6
318 1
894 1
575 4
521 6
380 6
383 4
299 7
582 9
11 2
589 4
942 0
890 6
69 6
585 9
340 4
311 3
412 5
651 3
65 7
120 7
963 4
407 9
569 0
987 9
597 4
67 4
848 6
435 9
161 6
656 2
551 3
752 5
831 6
53 7
387 2
404 6
103 3
633 7
10 1
151 8
646 4
92 8
562 5
716 0
672 2
306 6
398 0
566 7
606 4
115 9
141 0
728 4
874 4
736 5
707 0
900 7
749 4
904 5
332 7
681 8
644 6
326 6
535 9
323 7
648 1
450 1
701 6
938 9
991 7
92 0
127 8
190 2
169 4
373 9
381 9
937 0
341 0
937 3
689 0
78 5
938 0
782 0
558 6
722 2
270 8
142 5
247 7
683 6
818 8
46 7
990 6
25 9
85 5
319 5
511 1
867 0
74 1
169 8
401 0
816 4
856 3
892 5
202 0
83 2
254 2
779 0
191 8
968 5
770 7
378 8
383 8
253 5
311 2
484 4
413 1
761 8
32 6
955 9
278 6
480 6
282 1
661 2
956 9
721 1
295 2
646 5
914 7
60 5
24 9
350 7
631 7
759 3
757 4
26 5
872 8
668 5
56 6
96 6
370 9
581 5
786 5
6 8
509 1
762 5
975 6
21 6
220 5
467 6
234 9
132 9
889 2
303 8
745 1
303 4
880 5
836 5
292 9
435 3
728 6
934 2
433 5
295 7
381 7
508 0
476 6
372 8
538 0
806 3
998 1
653 1
153 0
546 8
565 3
514 1
842 7
773 7
346 9
562 9
992 8
745 6
612 4
937 6
694 5
442 1
235 8
50 9
961 4
629 4
470 0
25 5
148 2
570 1
630 4
179 6
965 5
898 4
306 5
699 3
921 3
561 8
375 3
235 0
314 1
719 1
764 8
459 2
16 0
67 5
395 7
674 6
735 5
219 8
563 9
467 1
923 8
756 8
500 7
149 2
459 0
598 5
409 9
567 0
3 6
200 8
475 3
220 9
909 3
897 4
79 1
893 1
94 2
526 9
567 3
862 2
307 1
504 8
281 0
10 6
845 5
42 1
381 5
466 8
726 0
772 4
502 7
495 0
421 0
200 6
712 7
248 3
966 4
219 2
664 0
119 7
693 7
854 6
209 0
910 3
299 3
353 6
775 9
300 5
69 2
768 7
392 1
280 9
240 3
477 8
829 4
585 6
513 1
792 9
402 1
123 3
192 0
228 9
267 6
737 6
940 2
825 5
71 8
0 1
388 2
186 9
589 9
380 5
4 5
855 8
666 9
637 5
458 0
324 0
669 9
785 4
958 0
890 5
672 0
995 5
474 2
865 6
962 9
819 1
884 1
767 7
972 6
365 7
346 4
458 1
904 1
892 3
362 0
239 6
293 4
179 0
984 1
545 6
296 3
862 9
764 2
113 7
261 9
208 2
21 7
542 3
608 4
4 1
245 3
206 2
264 9
47 2
264 4
989 1
647 6
570 8
107 5
63 2
210 9
719 3
986 9
178 9
259 6
551 7
0 9
610 6
992 1
903 3
639 0
23 2
645 7
630 6
227 4
747 3
802 4
227 0
993 6
649 2
550 3
997 8
978 4
467 4
284 2
522 3
668 2
804 4
411 5
869 5
899 9
60 7
406 1
577 3
355 0
316 1
709 7
821 1
296 4
930 4
414 3
509 5
559 1
525 3
106 8
821 8
512 8
961 3
985 5
999 3
600 1
51 5
50 8
823 6
210 6
830 8
843 0
703 5
970 3
187 0
935 3
370 4
567 4
77 6
703 4
561 9
41 9
762 7
153 3
537 0
199 6
578 6
76 1
746 3
984 6
513 7
956 7
492 9
42 8
697 3
163 3
848 1
327 1
268 4
480 0
671 0
349 2
632 5
401 9
460 6
445 7
469 7
468 5
695 0
850 5
64 7
588 8
851 1
133 8
587 0
751 3
641 2
175 7
525 0
71 5
437 6
788 9
823 8
61 0
239 3
221 2
460 4
888 5
387 8
755 9
98 4
55 7
509 4
277 0
974 7
813 8
479 5
709 0
99 0
947 3
92 5
907 8
965 3
287 3
409 6
811 1
545 3
460 1
12 1
998 0
939 5
928 3
590 8
688 8
996 4
944 0
573 2
755 6
820 1
587 5
98 6
471 7
637 3
392 6
930 2
89 3
629 3
830 6
443 6
606 8
896 9
584 0
627 1
287 0
363 1
810 9
599 3
704 9
750 5
574 4
285 2
325 9
570 4
359 5
533 3
373 4
360 2
400 0
686 7
34 8
603 3
8 2
814 1
642 9
98 2
323 9
395 1
79 8
940 0
686 4
715 9
478 8
457 9
147 0
269 4
964 6
388 5
480 3
145 6
903 7
366 9
450 6
347 2
784 0
665 5
2 3
244 2
552 8
365 8
856 8
544 8
2 4
933 2
700 4
256 5
574 1
593 1
729 3
827 6
988 2
186 7
903 4
89 1
452 9
542 8
378 4
129 4
206 6
521 1
638 2
308 6
316 2
521 5
631 9
366 0
637 8
402 3
175 9
527 6
673 8
141 6
749 3
572 7
394 9
905 0
855 4
817 9
283 2
859 4
165 6
589 8
104 3
213 8
594 7
361 2
411 3
676 7
426 1
362 9
249 8
679 0
593 4
913 6
346 8
925 3
982 6
74 2
915 3
390 1
887 6
529 2
924 7
313 3
898 0
73 8
656 7
567 7
836 1
32 2
859 3
28 7
360 5
349 3
409 5
386 6
691 8
253 0
826 4
413 0
655 1
342 2
512 4
43 0
181 0
493 4
774 0
665 8
566 4
76 8
17 4
285 6
265 2
87 4
81 0
641 7
584 6
833 0
499 0
500 2
46 3
386 5
361 8
540 6
831 7
172 4
183 9
29 7
216 9
580 6
880 4
244 6
619 4
96 5
19 6
11 9
933 1
14 7
978 0
334 9
446 5
726 8
541 8
704 0
563 1
859 1
208 0
981 2
365 2
835 7
15 8
488 7
836 0
430 0
24 0
99 9
466 3
227 2
550 7
480 5
835 6
558 0
811 0
954 1
904 9
234 0
8 0
911 5
59 7
616 2
651 1
270 6
676 2
723 4
450 8
226 3
932 1
144 0
723 8
68 8
403 2
76 7
699 6
447 4
752 8
136 8
494 8
814 5
79 9
754 6
427 4
918 0
371 0
507 6
756 2
764 4
782 6
505 7
880 9
591 9
344 3
937 5
345 6
625 5
964 1
495 4
625 3
948 5
77 2
903 1
859 7
533 9
853 8
994 2
869 8
987 6
913 5
439 6
497 9
737 1
604 7
236 4
926 6
919 0
674 7
454 1
294 3
408 7
626 9
613 3
238 9
219 5
852 7
507 4
434 5
129 3
39 4
846 2
506 6
489 5
649 9
423 0
409 3
137 7
200 4
499 2
843 7
884 0
578 4
24 8
689 4
74 3
158 2
157 3
830 2
10 4
850 6
108 1
28 8
278 0
721 4
608 3
144 8
92 4
379 9
695 8
172 5
645 9
210 8
577 0
213 4
424 9
609 0
192 3
562 1
668 1
975 3
371 6
65 3
543 3
667 6
370 3
710 3
374 5
336 9
359 9
780 0
796 8
981 8
335 9
218 4
247 0
906 4
429 2
575 2
609 5
707 1
758 0
357 0
17 2
798 5
144 1
969 2
907 4
720 5
963 8
609 9
865 0
82 0
947 1
808 3
177 9
540 3
496 8
259 5
685 6
552 1
665 7
247 9
682 0
594 3
564 3
813 1
40 2
22 6
97 8
638 4
909 1
211 8
626 1
285 4
32 1
620 0
651 7
914 2
405 8
650 2
841 3
498 6
953 8
941 2
536 2
261 6
612 8
199 4
157 8
359 8
490 7
599 6
463 6
953 6
894 6
213 9
20 6
58 5
34 4
803 7
72 6
645 6
461 4
561 4
744 2
297 2
885 7
836 4
491 2
609 7
375 8
621 6
321 7
7 6
788 4
977 3
518 7
742 4
328 8
473 5
834 8
994 0
69 1
640 6
262 4
644 9
494 6
828 4
789 3
688 7
688 5
259 9
109 1
385 1
692 5
341 8
192 9
170 0
844 0
168 5
670 1
774 6
738 7
566 6
201 5
387 6
766 8
668 8
661 0
718 1
917 0
99 2
115 1
287 4
712 2
791 5
538 2
275 3
456 4
759 0
622 9
985 1
120 0
198 6
114 6
161 5
980 7
731 7
742 1
636 5
801 2
442 3
299 6
939 0
514 4
570 2
965 6
839 7
421 6
554 0
761 5
712 1
940 9
441 4
679 6
839 5
220 8
702 4
387 9
631 5
173 3
337 0
566 1
265 3
709 1
132 6
310 7
926 3
72 1
717 0
194 3
859 9
585 8
46 4
142 4
805 7
189 7
508 4
518 3
875 8
482 8
772 1
342 5
604 6
402 0
200 3
567 5
474 0
903 8
921 0
919 6
126 8
257 9
488 1
976 4
49 1
959 3
218 0
32 5
95 1
855 3
308 4
224 8
299 8
352 9
272 8
861 4
723 3
314 8
851 9
20 5
469 6
540 0
666 3
595 9
962 0
681 6
213 6
761 7
189 9
957 7
486 3
302 0
116 5
40 0
753 4
700 3
53 5
850 0
995 6
429 9
481 8
776 1
314 2
949 5
906 1
525 5
571 9
441 9
210 4
339 7
794 0
485 5
584 2
605 6
138 5
160 4
773 9
852 0
379 4
571 1
91 6
56 0
196 0
712 6
425 3
960 3
407 7
646 0
816 2
576 8
646 8
783 2
819 9
307 3
657 9
282 5
535 0
759 8
933 9
348 4
487 6
382 2
895 2
979 6
390 7
749 6
224 6
953 2
909 0
59 9
449 0
756 9
57 8
933 5
355 8
614 1
747 2
608 8
63 7
768 2
23 4
574 5
888 8
281 4
221 6
427 0
563 7
43 6
452 5
733 3
596 5
426 6
783 1
226 7
477 4
946 8
880 1
15 9
139 0
303 6
143 0
79 2
870 9
88 8
146 6
177 2
320 5
133 0
357 6
856 2
291 3
498 3
353 3
421 3
117 4
114 7
438 5
295 9
866 8
643 7
398 8
376 1
753 8
61 2
811 3
624 1
371 4
22 3
154 9
362 5
753 3
490 2
572 9
654 2
507 5
105 4
475 0
912 6
221 8
485 4
792 8
257 5
165 4
908 6
559 9
203 2
420 7
286 3
982 9
443 9
941 4
223 8
712 4
420 3
467 8
180 3
308 7
172 8
561 7
912 1
28 4
313 0
771 1
800 3
464 6
244 3
466 0
154 3
396 9
389 7
373 0
179 4
868 1
158 3
736 7
874 5
495 5
653 6
978 6
283 9
626 3
862 1
65 1
486 2
780 5
557 3
704 1
695 9
504 4
558 1
635 1
541 4
846 0
596 8
454 0
599 2
152 4
705 1
510 8
431 7
286 0
25 1
610 2
874 2
617 3
858 6
713 5
129 9
865 9
417 0
908 5
198 5
729 1
158 0
842 6
150 8
0 8
843 6
547 1
960 2
494 9
782 9
202 9
515 0
218 3
635 0
999 7
565 4
700 9
625 0
996 0
374 2
303 1
602 4
776 0
12 9
180 6
140 6
859 6
288 1
633 0
821 3
707 9
206 4
981 3
962 1
733 6
490 9
862 0
851 3
532 4
364 4
865 2
321 8
432 7
832 0
668 0
586 5
616 8
231 9
172 6
251 4
422 1
457 1
152 9
54 6
171 2
835 0
530 6
56 7
209 9
694 8
285 9
486 0
648 6
664 8
24 5
212 2
980 2
281 2
299 4
280 8
69 0
503 1
706 4
633 4
403 8
173 0
653 5
605 4
421 7
418 1
543 7
134 6
806 6
547 4
288 8
603 0
864 1
363 4
988 0
783 7
177 8
651 6
112 2
67 2
921 6
897 5
720 3
232 9
944 5
291 5
542 4
923 9
991 0
107 2
494 7
987 0
571 5
904 6
825 7
972 3
236 9
440 6
43 2
121 6
714 1
49 7
391 6
998 6
767 2
807 9
339 0
629 2
710 6
582 4
5 6
160 2
879 4
140 0
151 3
579 4
723 6
593 8
846 3
404 8
579 7
187 8
293 8
20 7
232 0
837 6
293 5
745 9
922 1
289 2
174 0
437 1
272 2
749 0
60 2
136 1
555 5
443 4
992 4
636 6
872 1
218 2
719 7
577 4
929 8
371 5
316 6
274 7
268 9
253 9
502 5
172 2
613 7
924 0
108 6
475 8
613 4
711 0
139 2
391 2
287 6
204 7
418 9
712 5
14 6
199 7
91 9
109 6
205 0
714 2
506 0
236 8
733 2
527 5
188 6
352 6
251 7
798 0
892 8
125 2
955 1
507 1
954 6
663 3
918 1
416 6
498 5
264 2
886 0
177 7
439 7
415 9
125 3
863 4
227 9
973 0
143 4
267 7
540 5
555 4
680 2
883 0
385 2
279 3
271 3
325 4
284 5
821 7
748 5
895 3
151 9
285 3
320 9
700 6
636 9
729 5
69 9
472 0
501 4
231 5
620 4
877 5
960 7
305 5
38 9
345 8
713 1
296 6
134 1
702 6
713 9
407 0
975 0
86 2
813 9
747 9
361 3
827 1
18 3
889 7
455 0
842 0
938 7
739 1
911 7
941 5
324 9
372 3
906 8
475 5
83 4
106 9
150 3
512 1
629 8
306 2
823 9
422 4
412 2
777 7
231 4
610 4
284 4
623 7
694 3
314 6
463 9
47 7
50 2
835 4
175 6
932 8
531 9
722 3
736 9
199 2
698 8
755 5
83 9
745 3
357 3
788 8
119 8
441 8
949 4
224 5
444 5
975 4
340 7
134 2
222 8
290 2
303 5
604 0
104 4
927 9
801 4
338 9
504 5
339 1
714 5
151 0
125 7
394 2
711 6
619 9
279 0
234 8
171 0
929 4
698 0
949 0
829 7
582 1
468 7
177 5
48 4
893 9
432 3
676 1
973 3
763 1
29 8
194 0
427 9
405 5
338 3
676 4
522 5
209 4
931 6
75 0
803 9
924 6
645 5
618 6
204 8
697 6
212 3
191 9
270 5
319 4
869 0
91 0
922 6
519 4
143 6
322 7
946 6
739 4
673 7
692 3
844 7
996 9
132 0
471 0
404 3
109 7
114 9
946 3
0 4
502 1
793 4
840 5
962 4
503 7
293 1
599 1
446 7
839 8
103 6
427 8
184 6
351 7
623 0
590 5
325 7
928 7
591 3
470 2
134 9
673 9
565 7
996 5
183 2
166 3
776 6
336 3
760 3
628 5
38 6
383 9
279 7
792 1
430 1
177 3
65 6
84 8
549 9
637 1
59 1
771 5
584 4
902 9
976 3
580 7
275 2
5 0
86 0
732 8
873 5
842 5
434 1
935 1
538 1
217 4
139 8
985 4
537 5
403 4
793 3
266 7
976 0
15 4
282 7
407 5
659 5
900 2
147 7
197 3
13 0
254 4
77 9
791 4
567 9
104 0
354 7
115 0
769 5
869 6
25 2
790 4
255 7
237 2
236 7
322 6
262 7
217 9
274 2
754 0
249 9
260 2
344 4
164 9
641 1
949 1
463 7
412 9
757 3
751 2
390 8
456 8
951 1
323 2
210 5
497 0
516 6
419 1
782 7
842 4
885 5
980 0
746 2
352 1
113 1
935 9
488 8
869 3
831 8
660 8
266 3
891 8
256 3
958 6
521 0
543 1
190 7
486 6
778 9
979 7
911 0
417 3
118 1
199 0
862 4
949 6
240 5
608 5
180 8
41 5
737 5
473 9
632 6
849 1
983 6
134 4
49 9
604 4
840 2
356 4
290 0
894 0
384 9
568 6
679 7
888 2
604 9
255 2
52 8
571 0
286 8
451 1
81 7
346 7
22 5
437 8
808 1
130 0
678 3
917 2
169 3
925 4
457 0
876 5
414 8
158 4
358 7
276 9
223 0
71 1
853 1
758 4
766 5
959 7
530 8
83 6
798 7
795 3
724 9
895 8
73 9
814 7
407 3
205 7
291 2
585 1
727 1
794 3
356 2
129 5
902 8
289 5
725 4
153 2
589 0
830 0
898 1
61 6
713 7
101 9
936 5
836 7
538 8
458 9
168 4
630 3
62 8
133 9
667 7
943 9
126 6
812 7
657 1
844 3
617 2
456 6
74 7
960 4
473 7
294 7
762 0
929 3
165 8
107 4
219 7
663 0
331 2
553 3
388 6
122 0
891 4
824 2
773 4
435 5
337 5
434 3
205 8
297 4
398 9
475 9
7 9
825 6
611 0
731 5
199 8
433 9
70 2
523 4
592 4
698 6
702 7
661 7
817 5
436 4
928 5
603 7
500 0
682 3
911 3
22 8
63 9
896 1
203 7
775 0
176 2
372 2
343 7
976 2
145 4
474 6
270 2
114 2
55 3
654 9
194 5
380 2
476 3
845 6
431 6
555 8
651 9
411 0
27 1
112 0
112 6
17 8
781 4
316 7
279 5
251 0
34 2
147 3
437 0
763 6
334 5
602 9
601 2
97 2
321 1
25 8
833 8
487 7
906 3
460 2
981 4
988 9
92 6
925 1
562 8
494 3
213 5
138 4
416 1
483 6
425 6
622 7
131 6
593 9
227 3
4 2
959 0
452 7
767 6
596 6
451 2
376 7
1 7
126 3
198 9
685 4
540 7
344 8
595 7
50 1
652 6
730 0
463 0
266 5
603 4
103 9
475 7
564 6
367 2
333 7
927 2
772 3
82 7
10 2
749 8
23 9
524 5
814 2
364 9
948 0
274 6
68 7
356 0
656 8
739 5
128 4
797 8
756 1
432 0
735 6
369 5
793 7
231 6
726 1
853 6
123 9
214 7
843 4
130 8
491 9
597 9
754 9
839 3
863 9
345 2
444 7
48 9
353 8
435 0
691 0
717 8
375 9
697 8
599 9
671 9
181 8
684 2
133 2
908 3
781 5
481 9
825 0
227 6
127 0
946 0
27 7
592 1
650 3
44 1
180 0
342 3
50 6
330 8
214 6
83 1
607 1
812 6
183 7
871 9
221 0
899 4
633 8
331 4
576 3
501 3
277 9
409 4
670 8
461 0
195 3
911 2
463 2
616 1
87 0
774 4
499 4
137 5
535 3
582 8
389 1
717 3
583 9
671 2
932 6
995 0
62 7
7 1
209 3
952 1
636 1
977 5
269 9
669 0
92 7
327 0
968 1
188 5
596 9
317 9
507 9
373 3
984 3
163 8
523 6
222 7
844 8
801 6
620 3
91 5
894 8
55 6
139 9
271 2
787 1
437 7
357 2
353 5
699 7
655 0
957 2
497 5
4 4
126 5
512 5
619 6
940 1
263 9
760 9
309 4
22 0
667 4
378 9
780 7
784 1
578 8
832 7
724 0
480 9
776 7
901 1
186 8
639 9
986 2
691 2
140 7
947 4
496 1
354 1
54 0
907 5
300 1
432 4
234 4
542 2
228 4
476 1
132 1
423 5
439 2
423 4
226 4
706 1
114 8
506 2
169 6
548 9
895 1
967 0
31 7
346 3
898 5
72 7
834 0
966 3
350 6
710 7
54 4
194 7
999 1
579 5
176 8
683 7
835 8
187 6
250 8
534 9
575 7
445 3
64 9
800 2
948 2
503 3
105 6
241 2
732 4
714 6
103 7
200 5
870 5
955 0
697 7
839 2
983 7
422 3
941 9
664 5
531 5
222 2
518 6
741 6
777 3
604 1
19 9
683 9
9 4
8 6
893 0
188 7
424 4
520 3
975 2
403 5
662 5
672 6
581 3
88 6
624 8
727 7
653 3
534 4
615 0
789 4
717 2
269 7
464 5
350 9
590 9
402 9
288 9
797 5
843 1
627 3
9 5
89 7
351 0
252 3
701 4
113 5
372 0
873 9
80 5
799 1
174 9
150 2
598 6
540 9
955 8
765 8
964 3
238 3
197 9
150 9
24 4
602 0
873 7
460 5
287 8
640 5
34 7
870 7
881 0
825 4
769 1
750 4
917 4
18 0
471 8
652 0
840 3
516 1
862 8
291 4
813 2
578 0
641 4
428 2
577 2
427 6
164 8
451 0
511 0
60 8
734 7
22 7
610 8
976 8
797 0
134 3
891 3
811 9
393 6
777 0
462 2
786 7
164 6
57 4
316 0
499 3
372 4
161 8
614 4
808 0
247 6
347 9
835 2
718 3
828 9
734 4
88 0
28 5
639 2
438 3
91 8
508 1
161 7
804 8
620 8
464 4
74 6
540 8
390 2
548 0
823 7
990 9
649 1
41 7
152 3
195 2
257 4
770 0
533 6
816 6
148 5
406 6
107 3
966 9
398 7
751 4
125 4
930 6
97 4
436 0
778 6
950 2
752 6
730 4
994 8
661 9
685 8
617 9
351 5
789 0
170 4
675 5
811 6
771 0
131 3
250 7
502 2
978 7
665 2
528 9
37 4
23 6
881 4
61 1
978 3
782 1
619 7
573 0
860 4
1 3
423 2
908 2
993 2
570 6
263 6
330 6
705 4
299 5
453 2
95 4
89 0
684 3
861 0
469 5
201 2
847 9
213 7
379 0
16 1
841 0
928 4
265 0
484 8
1 4
804 1
359 6
639 7
209 2
857 3
838 7
798 8
421 5
54 5
312 2
583 0
762 3
546 9
106 5
74 9
750 8
507 3
743 0
362 7
982 1
816 1
278 4
16 9
30 8
493 3
531 6
130 2
252 9
791 7
681 4
829 0
349 8
877 4
205 5
644 3
532 8
621 7
277 5
74 0
81 1
435 4
806 5
568 4
799 2
912 3
877 8
98 8
922 3
745 8
945 6
651 8
559 5
520 7
552 6
23 5
241 3
138 7
826 6
136 9
15 7
930 7
972 7
367 6
360 4
249 3
191 6
315 9
747 8
314 7
488 6
247 8
109 3
983 8
309 1
148 4
606 3
335 4
809 1
913 1
864 8
439 0
638 3
40 6
453 9
391 4
223 3
851 4
220 6
116 8
341 5
406 7
197 8
780 3
554 4
312 5
108 7
895 6
491 7
845 4
134 7
705 7
832 5
164 3
677 7
683 4
750 7
774 8
897 1
544 2
29 6
788 0
714 9
616 5
170 6
117 1
551 5
733 0
245 6
587 4
996 1
161 4
22 1
78 6
276 4
313 1
115 5
580 2
678 0
398 3
569 9
755 7
215 2
407 2
886 1
58 2
289 7
810 0
276 7
67 8
951 5
947 5
126 9
763 7
337 6
97 5
269 2
231 8
971 7
20 2
464 9
871 1
642 4
121 2
816 7
38 2
677 0
107 1
50 4
383 5
226 6
590 4
201 9
35 4
311 1
478 7
484 9
857 1
979 2
438 1
675 3
907 2
152 8
406 9
345 0
962 3
591 0
42 4
61 7
876 7
471 9
374 4
356 3
993 1
524 2
125 5
700 7
779 8
181 3
406 3
917 8
49 0
945 0
353 7
282 0
999 5
900 5
637 2
124 6
920 8
325 5
632 7
71 4
111 6
37 6
384 7
410 9
787 4
623 8
581 9
599 5
286 7
879 8
510 2
430 7
54 1
154 5
501 9
298 2
731 6
388 4
9 7
756 3
597 6
572 4
255 5
307 5
68 2
664 7
627 5
320 6
589 7
406 0
329 3
367 8
89 6
298 5
616 4
477 7
646 2
27 8
401 7
600 6
255 9
280 3
333 6
396 8
583 1
372 9
296 5
568 9
621 8
645 2
21 2
646 9
923 0
390 3
422 5
522 2
66 5
818 5
686 6
253 3
400 2
956 5
489 6
859 5
102 1
186 4
123 7
156 5
969 9
446 4
65 2
976 6
559 4
662 3
642 5
799 4
892 7
32 7
429 4
111 1
230 9
820 0
626 4
882 0
156 4
723 0
143 5
76 0
335 3
237 6
251 2
281 7
202 4
551 6
574 3
689 2
291 8
918 7
278 7
531 7
721 0
19 5
315 4
587 7
201 6
100 0
972 2
486 4
648 5
677 9
708 0
214 3
711 4
661 8
565 5
62 9
85 4
668 9
376 8
368 9
795 7
137 8
706 8
967 6
512 3
872 5
451 7
703 0
289 8
351 8
528 4
768 5
226 0
860 9
937 7
947 6
205 4
130 5
897 3
611 1
60 1
575 3
37 0
793 5
810 1
845 2
633 1
554 5
911 4
807 7
357 4
470 1
163 9
939 4
303 2
635 3
882 5
268 7
339 4
431 2
541 7
346 0
792 0
736 8
82 2
989 0
855 1
875 9
283 4
815 2
975 1
289 4
904 0
530 0
881 6
266 9
269 0
111 7
533 5
464 0
53 2
355 3
383 2
363 7
668 6
12 0
950 4
979 5
127 1
897 9
517 9
839 1
86 5
519 1
639 4
598 4
150 1
191 5
253 7
212 4
118 4
787 7
801 0
474 4
667 9
78 0
136 4
185 3
219 0
379 2
19 7
451 9
560 7
79 5
572 2
81 9
129 6
393 7
898 3
174 4
631 4
290 6
636 3
488 5
369 0
515 6
545 9
483 5
331 5
455 5
809 4
966 2
952 9
964 9
984 0
55 0
660 4
887 1
801 7
208 6
682 6
716 1
302 1
997 1
472 2
732 7
72 5
910 7
975 8
174 6
644 0
435 7
102 7
230 5
410 7
260 9
442 6
918 9
688 0
523 8
604 8
595 4
305 7
953 7
983 4
297 0
719 6
227 7
935 6
549 5
286 6
11 8
707 2
318 5
654 8
355 5
623 5
638 7
282 6
807 8
526 4
944 4
278 5
566 2
10 5
93 5
313 2
884 7
879 0
597 3
260 6
8 4
383 6
847 7
677 2
404 5
857 9
311 7
523 5
257 6
5 7
541 6
41 8
186 3
538 3
674 9
368 8
129 7
316 4
695 5
811 8
423 9
496 5
953 1
642 1
613 0
637 4
811 4
70 9
519 9
512 0
47 3
647 4
866 7
950 5
546 3
697 9
807 5
745 4
782 3
867 8
714 0
473 0
481 1
903 2
1 1
748 3
292 7
953 9
915 5
624 3
456 0
318 7
927 4
56 2
694 2
477 1
58 1
373 2
234 2
452 4
454 6
519 0
805 0
683 3
833 1
70 1
368 7
300 2
44 7
173 5
945 1
223 9
170 5
80 3
849 9
195 7
521 9
704 8
441 5
239 0
359 0
907 6
268 2
467 0
520 9
206 5
771 3
530 7
895 5
329 2
2 0
300 8
679 4
457 4
597 5
412 1
928 0
292 0
698 2
348 9
120 4
481 4
353 0
924 4
411 1
553 6
916 8
172 0
694 1
163 0
491 8
507 0
138 8
148 3
534 6
448 0
144 3
240 9
87 3
957 6
941 0
100 9
411 6
96 1
211 0
803 4
890 4
883 5
715 3
203 6
45 7
655 7
228 7
71 2
125 0
651 0
395 3
88 4
657 3
292 1
345 5
11 0
301 8
421 4
260 5
592 8
12 4
922 5
522 1
215 8
666 4
873 6
379 3
399 7
626 0
100 4
306 9
867 2
39 0
872 9
135 6
718 0
639 6
478 3
605 8
799 0
307 0
995 3
242 5
953 0
597 7
720 4
137 0
216 2
447 6
445 0
481 6
210 7
351 9
459 6
653 0
545 4
847 2
881 7
168 7
425 0
25 0
490 1
961 7
140 8
21 1
844 4
143 9
478 4
681 0
588 0
301 4
431 3
366 7
276 3
188 4
375 0
195 4
650 7
490 3
355 6
909 4
550 4
570 7
147 6
593 7
31 5
234 1
149 7
374 6
11 4
819 0
180 4
827 8
90 1
629 5
617 4
403 0
984 4
381 4
190 3
568 7
125 9
847 4
305 1
497 8
26 8
117 9
585 2
756 6
548 6
2 8
967 7
505 8
78 8
14 1
10 7
686 3
949 3
399 3
445 8
799 3
838 5
459 9
807 3
67 9
246 3
439 8
673 1
293 7
272 9
101 8
794 2
211 1
298 6
910 6
980 5
141 2
380 9
889 9
963 7
494 1
646 7
582 2
990 8
568 0
114 5
269 5
602 7
392 7
377 5
306 0
529 6
52 7
341 7
295 6
336 8
84 0
84 1
511 7
785 7
97 6
93 7
292 6
489 0
913 0
137 2
405 7
971 5
436 7
857 2
330 0
671 5
563 5
982 4
920 0
111 0
524 0
607 0
31 9
51 2
887 2
51 8
469 0
374 9
414 0
621 0
408 3
157 4
734 0
923 7
447 8
430 5
882 9
679 8
214 4
219 6
996 2
510 4
625 8
428 8
307 9
107 6
232 3
707 3
798 6
470 5
522 0
262 9
425 5
386 9
444 0
106 6
799 8
478 6
759 7
332 8
701 8
919 8
745 7
290 1
665 4
803 8
438 4
943 6
625 7
373 8
31 1
698 1
106 4
410 0
893 6
831 0
888 3
909 7
14 0
749 7
232 4
986 5
575 1
817 6
720 1
45 2
343 2
62 6
855 7
426 5
22 4
419 3
256 8
464 8
969 7
397 4
563 6
361 9
472 6
252 6
48 7
39 7
450 7
81 5
152 5
634 2
889 0
405 0
195 0
775 7
365 0
78 3
885 2
795 4
312 0
931 0
641 3
364 2
680 0
443 0
100 8
818 1
924 2
400 4
537 9
373 6
656 1
388 0
550 9
497 3
357 5
908 1
427 2
624 0
56 4
493 6
471 1
951 7
755 1
268 5
514 9
983 3
885 3
190 8
68 4
624 2
915 2
929 2
586 1
66 4
675 9
904 8
267 4
601 5
725 7
243 4
88 2
750 0
169 9
327 5
6 3
621 1
521 8
157 7
260 0
754 4
241 8
51 4
360 6
74 4
143 2
429 0
701 3
727 8
266 4
751 5
398 4
55 9
687 8
775 1
935 7
656 4
302 8
705 5
946 1
728 0
362 6
990 7
100 5
359 3
388 8
323 8
404 0
467 9
319 9
289 9
372 5
838 0
550 1
282 8
469 8
440 0
870 1
124 2
371 9
416 8
30 7
254 9
41 4
463 3
978 5
393 1
508 5
735 2
541 9
906 0
31 2
265 9
275 9
423 8
499 6
249 7
949 7
354 8
335 0
306 4
461 5
499 9
376 0
980 1
856 1
33 1
974 8
45 1
590 3
208 9
804 0
453 3
673 5
387 7
271 8
73 6
488 4
203 0
202 3
740 7
868 7
248 8
391 3
134 5
679 5
277 6
539 6
809 0
264 8
654 1
383 0
396 3
462 4
497 7
418 6
734 5
326 7
759 6
57 0
354 5
781 8
151 5
314 4
467 5
744 9
772 6
262 2
445 2
408 0
705 8
263 3
59 5
673 4
492 3
230 4
395 4
30 5
736 1
575 5
130 9
448 7
624 4
663 2
455 4
183 6
888 6
13 4
422 0
967 1
140 4
888 0
436 9
917 6
366 3
600 5
433 2
395 9
752 0
560 8
670 9
494 0
38 4
714 4
797 4
544 9
310 9
463 5
978 8
979 1
91 7
666 5
923 6
88 5
43 7
527 4
318 3
160 0
649 3
66 9
324 5
382 7
261 3
325 1
479 0
693 1
150 4
186 5
440 5
11 5
310 6
863 0
389 2
194 8
615 1
75 4
909 6
233 9
800 9
290 9
322 1
998 4
986 4
969 3
879 3
202 7
548 4
525 1
539 1
329 9
242 2
17 1
968 9
739 2
341 4
76 4
926 4
609 8
331 0
317 4
960 6
95 2
569 8
985 7
626 6
726 9
936 4
753 9
783 8
69 3
486 9
118 2
237 5
680 4
638 1
493 7
181 9
303 0
368 5
935 5
104 9
279 2
109 5
215 9
748 6
57 3
781 3
817 0
201 3
40 1
143 8
777 5
641 9
222 5
753 1
321 0
443 7
179 8
451 6
405 1
206 3
530 3
828 7
192 8
468 1
277 8
240 4
270 4
858 1
508 6
547 7
986 3
169 7
522 6
882 7
240 7
860 5
931 4
873 1
619 0
629 0
308 2
26 1
774 1
962 6
17 6
662 1
320 1
238 0
970 4
163 2
780 9
630 5
34 9
50 0
954 3
272 0
179 2
865 7
992 5
989 4
154 7
956 1
742 8
497 2
718 2
881 9
36 9
404 7
970 5
224 7
526 5
566 0
209 5
12 7
248 2
478 5
841 8
611 2
810 6
728 5
93 6
830 7
53 8
8 8
548 7
938 5
241 4
874 9
386 2
979 4
9 8
881 8
918 2
367 5
115 7
988 7
340 2
713 8
716 8
500 1
994 5
173 9
131 4
483 8
891 1
607 9
208 5
854 5
241 9
204 2
650 6
861 9
301 9
655 6
304 7
347 3
377 8
99 8
200 7
449 3
539 8
788 7
997 4
445 1
855 9
350 5
158 6
557 8
531 4
374 8
623 1
347 4
64 1
249 6
770 1
136 0
681 9
660 1
887 5
396 2
846 5
593 0
940 6
536 3
571 6
294 4
648 9
752 4
422 8
454 2
293 0
469 9
754 3
254 7
509 8
680 3
37 7
38 5
490 6
244 9
661 4
49 6
748 0
348 5
832 6
696 4
517 7
102 5
68 6
705 0
611 6
794 6
654 4
128 8
622 5
597 0
174 7
751 9
90 4
765 3
685 1
195 8
228 2
263 4
721 2
801 3
639 3
979 8
131 9
945 7
84 4
59 2
512 7
679 3
340 3
906 7
128 3
108 2
148 7
625 4
465 3
643 6
318 2
987 1
713 6
959 1
357 7
423 6
577 8
141 7
406 2
951 6
922 9
726 3
877 6
239 4
915 9
586 3
267 3
485 8
544 6
688 3
757 0
223 5
926 1
520 5
456 5
385 5
122 2
902 4
246 2
644 5
968 7
327 8
947 0
47 4
257 2
685 7
271 0
246 9
441 3
101 1
29 1
896 0
437 9
928 1
396 4
792 2
460 8
140 2
586 0
334 1
588 7
39 8
656 0
837 3
533 0
171 4
957 3
400 9
959 8
52 6
30 2
930 0
741 0
164 2
281 9
473 4
346 2
877 0
483 3
23 8
160 3
238 8
710 5
212 9
984 5
710 1
26 7
670 5
519 6
492 0
565 0
948 3
377 9
786 1
360 0
104 8
487 9
245 9
329 5
789 9
658 5
112 7
912 0
534 7
579 9
216 4
689 1
869 4
887 3
881 5
47 6
936 9
92 2
276 0
740 0
511 4
175 0
968 6
147 4
637 0
440 4
989 5
558 9
899 8
444 4
763 0
233 8
976 5
198 2
938 3
939 1
80 0
785 3
972 9
288 6
993 5
701 1
344 6
661 1
297 6
658 6
718 5
422 2
573 4
244 0
684 5
611 5
191 3
928 6
974 6
653 2
503 8
649 7
298 9
9 2
369 4
747 4
814 8
51 6
861 2
274 8
425 2
465 4
703 1
14 2
23 0
735 7
920 1
66 3
876 1
979 0
5 4
756 0
459 1
544 0
511 5
547 3
990 1
988 5
375 4
89 4
354 2
19 2
337 1
819 7
663 8
844 5
820 5
36 7
60 9
477 5
532 1
642 7
661 5
669 5
369 7
227 8
281 6
170 9
108 4
319 0
919 3
30 1
576 9
725 5
867 7
687 3
0 7
581 1
250 5
973 2
528 5
458 5
952 6
203 9
381 8
370 5
853 2
641 6
974 2
27 2
803 0
531 0
339 9
403 3
690 7
920 9
798 9
247 3
659 2
775 5
827 4
165 0
130 1
582 6
503 0
465 1
457 2
915 6
212 8
358 5
305 8
442 5
588 6
989 8
242 9
402 8
730 2
842 8
560 9
432 2
113 6
895 7
861 7
44 4
712 0
472 8
786 4
226 2
53 9
87 2
466 6
570 0
569 5
16 4
11 1
328 7
682 8
709 8
862 5
27 0
49 4
26 3
269 3
725 3
577 9
713 0
899 1
903 9
226 9
389 4
2 6
67 1
753 5
180 7
536 7
242 6
947 9
634 9
501 6
692 9
729 6
692 1
20 4
413 5
731 9
473 1
919 5
891 6
515 1
947 2
586 4
318 9
963 1
768 3
416 5
124 0
722 5
636 0
244 4
625 9
998 3
370 2
803 3
692 4
896 6
369 2
736 4
868 0
799 5
156 7
455 6
461 6
234 6
433 4
139 4
640 1
94 0
667 1
561 1
992 9
878 5
534 8
794 8
638 9
413 4
7 4
82 8
343 3
483 0
539 0
749 1
510 0
181 6
866 2
314 5
415 7
741 7
312 1
5 3
790 7
174 2
8 9
561 5
260 4
840 6
261 2
640 0
768 1
802 6
826 1
666 1
884 9
265 7
787 3
643 4
742 3
192 4
13 5
172 7
703 6
995 9
690 8
939 6
212 7
754 1
751 0
317 0
37 5
307 6
211 2
615 8
597 1
480 8
791 2
505 9
955 2
878 4
720 7
196 5
992 6
722 6
528 8
849 2
243 8
94 3
48 5
732 5
515 4
329 6
436 3
95 0
736 6
332 9
908 4
24 6
958 2
180 9
834 2
382 8
952 3
267 2
80 9
392 0
301 1
595 2
779 7
715 8
46 9
886 3
654 3
424 3
584 1
299 0
87 9
359 4
287 2
884 2
568 3
785 9
70 4
991 1
578 1
137 9
40 9
702 8
922 2
348 8
224 9
28 9
336 4
894 2
649 5
749 9
106 2
313 7
252 7
588 9
581 6
532 0
120 1
151 4
439 4
351 4
412 3
660 5
251 5
886 5
473 3
126 2
252 8
339 6
319 3
171 9
364 6
8 1
852 5
914 9
740 1
737 3
485 0
330 2
817 4
119 2
638 6
588 5
703 7
178 0
528 0
671 8
462 3
709 4
806 0
34 1
442 8
278 3
228 3
606 5
900 8
938 2
980 4
305 4
52 5
477 3
841 9
618 1
984 9
184 5
835 5
254 8
160 8
785 2
882 3
1 8
19 3
80 6
683 1
998 9
512 6
607 3
532 3
351 1
860 6
883 1
76 9
662 7
699 0
733 4
233 3
335 5
506 3
645 0
199 9
689 3
441 1
242 7
903 6
379 8
484 0
262 3
806 1
230 2
669 6
901 3
364 3
197 2
32 4
687 5
560 2
599 0
281 8
242 8
219 9
500 9
772 7
854 1
810 7
938 1
476 2
75 9
911 6
204 5
487 8
662 0
789 1
788 2
802 9
603 9
954 0
324 4
73 0
921 5
632 4
3 8
337 7
63 8
335 6
233 2
965 7
466 1
723 2
728 9
485 9
897 7
618 9
101 2
135 9
110 8
116 1
399 2
803 1
961 6
171 7
559 0
122 5
537 4
885 9
104 5
682 2
160 5
652 9
194 2
269 6
96 8
7 5
504 6
10 9
176 3
433 1
787 8
106 0
939 3
333 9
560 3
555 1
157 6
46 1
695 2
393 4
347 6
472 5
324 7
706 7
535 2
410 6
905 7
936 1
868 5
489 9
385 6
658 0
226 5
486 7
510 1
344 7
284 6
697 0
837 1
785 1
997 3
535 4
779 4
593 3
701 5
597 8
487 0
288 0
14 9
348 3
574 9
598 7
198 7
913 3
479 9
124 3
838 9
400 8
829 3
830 4
551 8
705 2
420 0
237 7
323 1
288 7
874 1
421 9
771 4
326 3
866 4
743 9
312 9
623 4
735 4
400 3
173 8
964 8
482 4
38 7
572 6
696 3
493 5
818 4
109 0
831 3
343 4
589 1
615 4
227 5
429 6
730 7
524 1
516 9
848 7
951 0
275 4
48 1
733 1
794 5
854 9
428 9
152 7
1 6
381 3
755 2
506 1
314 9
608 2
953 4
95 5
557 6
716 9
201 4
336 6
174 3
614 8
783 6
824 1
859 0
9 9
429 7
95 8
738 0
638 0
913 8
548 8
349 6
55 2
728 2
459 3
645 8
549 3
152 0
693 6
852 2
614 0
981 7
933 6
139 6
352 2
630 9
519 8
103 5
331 3
800 6
20 3
112 3
999 2
541 2
517 3
438 7
805 1
729 0
494 4
863 2
525 8
931 5
868 3
493 9
717 1
919 9
762 1
396 0
289 3
253 4
564 2
904 3
897 6
792 6
683 8
391 1
707 4
420 8
497 6
854 3
220 4
233 0
419 9
149 9
526 1
4 3
710 8
923 1
962 2
58 7
924 5
140 5
551 1
549 1
310 5
124 7
601 7
676 5
376 2
533 7
248 7
727 3
479 1
58 0
786 0
105 5
754 5
640 3
85 0
564 1
482 6
90 0
72 0
899 3
617 7
969 5
421 1
124 4
606 1
658 3
844 9
941 6
872 6
317 2
149 4
469 4
721 9
760 1
554 8
447 3
547 2
983 2
77 5
257 0
83 0
370 0
409 8
178 6
351 6
835 9
958 9
204 4
515 3
392 2
752 7
132 4
693 5
988 4
794 7
274 0
390 5
891 5
107 7
803 2
45 6
54 9
862 7
430 6
626 5
284 3
944 6
171 6
215 6
921 8
88 9
216 5
722 7
682 9
761 4
744 0
782 5
45 5
424 8
476 7
982 8
648 3
94 1
492 1
508 9
446 3
326 9
704 4
530 4
703 8
951 3
87 1
203 4
672 3
760 5
145 2
689 5
719 4
397 0
312 4
412 6
187 9
187 2
645 4
906 9
481 3
17 7
82 6
716 6
632 9
685 3
434 9
45 8
304 3
821 0
779 9
878 0
129 2
658 2
462 6
482 3
635 7
157 0
209 6
627 7
390 6
987 5
14 5
304 0
580 5
771 9
728 3
445 9
729 4
215 7
310 2
971 6
256 7
70 3
761 6
902 0
489 1
301 0
183 3
347 0
958 5
480 1
748 1
722 1
662 4
818 6
35 9
537 7
122 4
970 1
696 2
853 7
319 6
517 1
642 2
72 4
818 3
860 8
680 9
879 2
939 7
650 4
851 5
202 8
228 0
771 7
113 2
830 1
410 5
265 8
966 0
283 0
557 2
640 2
732 3
164 5
994 1
628 4
157 2
989 9
2 2
490 4
697 1
802 2
282 4
125 6
810 8
131 0
864 4
908 8
817 1
221 5
196 6
439 9
82 9
363 2
286 4
550 6
589 5
376 4
865 1
591 6
833 7
85 1
918 3
526 8
392 5
536 8
31 6
365 6
465 9
592 0
567 1
143 7
903 0
168 2
966 1
142 0
1 2
650 0
156 8
202 6
328 0
836 9
579 8
211 7
109 4
39 1
3 5
254 3
789 2
442 7
90 2
66 1
200 2
209 8
847 5
934 9
311 9
168 0
425 7
410 4
579 0
822 1
634 5
261 5
393 5
233 4
848 3
815 3
145 8
419 0
962 5
839 9
33 5
834 4
698 7
67 0
158 7
225 3
299 9
483 7
997 7
263 8
549 4
385 9
491 1
468 0
528 6
192 7
533 4
208 3
814 3
553 0
823 4
735 9
221 7
291 9
563 8
982 2
131 2
33 6
301 7
968 3
246 4
142 2
179 7
307 7
616 0
337 9
981 6
596 4
337 2
550 8
77 1
737 4
319 1
712 3
952 7
853 5
493 0
496 6
586 2
398 2
355 9
465 7
817 3
549 7
434 0
474 9
780 1
439 3
731 1
737 2
349 0
975 5
944 9
812 0
295 4
986 0
326 0
136 7
101 5
871 2
336 7
240 8
246 6
410 8
758 6
378 6
536 5
621 5
738 9
83 3
412 8
910 1
542 7
492 4
978 2
110 6
26 6
274 5
529 0
394 6
559 7
905 5
308 5
610 0
785 6
663 1
16 5
340 8
543 4
990 0
740 2
429 1
205 6
109 9
17 0
418 3
716 5
117 3
694 4
524 8
659 6
708 3
765 2
782 8
808 7
867 1
964 5
166 2
871 3
582 7
103 1
695 7
538 6
676 8
832 3
156 0
911 9
948 6
928 2
992 2
956 2
986 1
775 4
758 2
378 5
58 6
657 0
890 1
726 7
67 6
578 7
677 5
25 6
584 9
834 3
784 4
100 6
996 8
781 2
224 3
877 3
870 8
250 6
469 1
218 9
590 0
323 6
805 5
458 6
824 0
338 4
991 9
943 3
960 8
80 8
895 4
278 8
812 9
784 6
906 6
570 3
656 9
681 1
741 5
19 0
233 7
692 6
474 7
806 4
532 5
42 0
718 7
213 3
605 9
34 5
250 0
964 4
329 1
399 9
27 4
444 6
567 6
274 3
546 6
146 3
698 5
847 8
24 7
482 1
849 0
675 8
837 0
69 8
776 8
856 7
475 4
106 3
742 7
905 9
444 2
142 3
543 0
634 8
675 1
913 2
620 6
6 2
655 9
653 4
495 2
738 4
128 2
715 2
507 7
445 6
484 7
581 8
449 8
464 3
84 7
936 6
427 1
79 6
727 9
367 4
959 9
355 7
571 2
991 2
764 1
190 9
690 1
706 3
960 9
461 9
784 3
669 4
389 3
880 7
414 9
110 4
553 9
725 2
977 6
861 5
569 4
767 0
495 3
549 0
737 0
432 1
222 4
551 9
592 9
634 0
279 9
418 4
394 5
205 2
693 8
110 1
932 3
105 9
393 0
459 8
557 4
659 9
656 3
79 7
555 0
414 1
257 7
116 4
812 1
177 6
505 6
526 7
87 5
488 9
934 3
425 8
703 9
941 1
935 0
246 5
518 1
64 0
934 4
297 9
816 9
527 9
239 7
232 6
591 4
48 6
754 8
146 0
311 5
853 9
678 1
627 0
538 7
331 8
96 2
876 6
678 7
690 5
330 7
442 2
18 7
645 1
528 7
350 4
437 3
70 6
238 5
304 4
813 4
614 2
993 4
481 0
262 5
181 2
542 9
893 4
76 6
362 4
290 8
95 9
75 6
668 7
437 5
800 0
361 4
940 5
524 4
147 5
663 6
456 1
275 7
532 2
612 5
340 6
841 4
313 6
60 4
18 6
709 9
552 4
335 8
372 7
886 4
419 7
517 6
115 2
950 1
103 4
446 8
5 9
878 3
944 1
424 1
921 2
326 1
685 0
880 2
954 2
463 1
592 6
506 9
885 1
942 1
340 9
420 9
446 6
2 1
711 2
277 4
225 0
371 3
403 1
96 9
464 7
833 5
148 9
921 9
360 9
451 4
693 0
871 5
401 8
548 3
342 9
787 9
920 6
769 9
149 5
717 7
44 5
631 2
850 9
716 3
419 5
615 3
791 1
413 7
919 4
456 2
85 9
448 1
468 2
692 2
760 4
352 7
206 7
30 3
854 2
358 8
24 2
105 0
583 4
59 0
751 8
149 0
957 5
996 7
972 5
5 5
231 2
828 1
221 9
685 9
970 2
111 9
965 0
35 2
605 7
425 9
416 7
130 7
915 0
215 5
696 8
446 9
769 3
755 8
13 6
735 0
501 1
151 6
70 5
572 3
503 5
926 2
102 0
323 5
34 0
41 6
206 0
90 9
827 5
621 2
817 7
248 6
627 4
952 4
153 4
939 9
160 7
509 7
323 0
787 6
688 9
574 0
133 7
791 8
910 0
976 1
741 8
267 8
117 8
213 2
6 6
296 0
399 1
849 5
795 5
912 5
367 7
662 6
885 0
342 7
219 3
858 0
31 4
220 3
988 1
753 0
100 7
102 2
147 8
489 4
579 3
312 6
385 0
491 5
633 6
235 9
873 0
327 9
244 7
930 3
652 8
32 3
759 4
123 1
655 5
607 2
935 4
712 9
384 6
678 9
838 2
623 6
694 0
839 0
35 1
136 2
570 9
342 0
169 0
32 9
283 8
112 5
383 3
361 5
852 9
770 4
251 9
562 6
717 9
43 8
642 8
684 4
873 2
166 9
797 7
514 7
114 0
689 8
460 0
413 6
123 8
66 2
860 0
677 8
963 3
827 7
173 6
434 2
867 3
424 6
454 8
394 4
382 9
958 1
117 2
397 7
929 9
303 9
826 3
969 6
920 3
587 8
480 2
622 4
650 1
296 2
566 3
786 6
166 4
961 9
140 3
836 8
36 4
247 2
18 8
302 4
763 9
945 3
436 5
852 1
987 3
599 7
40 7
920 2
364 5
804 3
927 6
514 8
926 9
726 6
793 1
823 5
797 2
938 4
293 2
68 1
184 4
223 7
698 3
249 5
37 2
263 2
600 7
317 7
730 5
215 0
505 1
762 2
698 9
15 5
606 0
817 8
927 0
932 2
489 2
248 9
91 2
260 7
448 8
647 7
930 9
144 6
709 5
331 7
576 2
569 2
640 8
864 0
127 6
232 8
423 1
799 6
257 3
854 7
348 2
569 7
508 8
320 2
280 4
447 7
117 0
416 9
148 8
603 8
894 5
73 4
791 6
727 2
670 4
824 9
740 8
61 4
15 2
868 4
777 1
450 0
762 8
764 9
409 7
525 9
415 5
138 2
334 6
21 3
486 8
259 7
35 3
580 0
708 2
534 1
416 0
770 9
574 6
783 3
104 6
71 7
802 7
196 2
2 7
153 9
694 7
352 0
654 5
766 9
47 0
747 0
780 6
763 5
0 5
104 2
878 1
647 3
34 6
425 1
861 6
292 2
440 8
128 6
617 1
405 4
770 6
774 3
293 9
354 4
302 5
105 3
127 5
968 2
684 9
368 3
338 6
780 8
796 3
469 3
178 8
587 1
405 2
702 0
40 3
513 3
24 3
706 2
168 1
796 4
819 6
372 6
993 9
696 0
525 4
256 4
203 5
696 9
366 6
999 6
959 2
399 6
628 7
281 3
81 6
773 5
198 4
174 8
521 3
447 1
292 8
461 2
444 1
848 8
461 7
161 2
478 9
648 2
920 5
30 6
65 0
871 7
992 0
865 5
850 7
86 1
805 9
811 7
218 6
766 3
912 9
849 4
704 3
773 3
216 3
332 4
622 0
866 1
927 8
889 3
160 6
247 5
64 2
994 6
520 1
55 5
252 0
624 5
531 3
146 1
801 5
133 1
674 1
684 6
326 2
470 4
279 6
836 3
580 3
618 4
36 5
102 8
724 5
77 0
212 5
141 5
42 7
858 3
557 7
909 2
912 7
798 1
860 2
194 4
718 8
710 9
967 4
724 1
889 1
655 4
721 6
935 2
199 5
991 8
536 9
447 5
404 4
252 2
12 2
959 6
681 5
707 8
504 7
43 4
84 9
693 9
651 4
217 2
536 4
581 7
974 4
189 3
642 0
546 7
642 6
860 3
331 9
618 8
347 7
746 0
737 8
568 8
18 2
191 0
537 6
666 2
917 9
188 8
690 3
338 2
345 7
453 5
476 5
475 6
241 7
518 4
692 8
32 0
721 5
443 2
746 4
270 0
388 7
523 2
151 7
999 4
291 7
6 7
671 4
348 7
96 0
886 9
176 9
846 1
438 6
345 3
69 7
829 5
320 4
760 6
250 2
630 8
271 6
545 2
489 7
210 2
345 4
410 1
578 3
855 6
305 9
591 1
879 7
605 1
235 3
798 3
171 8
825 9
415 6
206 9
127 4
384 8
995 1
85 7
612 0
111 4
740 6
354 9
42 2
433 0
943 1
842 1
841 2
805 4
660 0
600 2
20 9
253 8
58 4
415 8
711 1
594 1
518 9
59 3
52 9
26 4
382 0
479 8
900 1
259 4
466 4
768 0
874 8
795 2
49 8
547 9
669 3
242 4
866 0
261 0
494 2
51 9
237 1
658 4
695 4
745 0
774 7
367 0
176 5
105 8
340 1
677 4
948 4
883 4
541 3
660 9
586 9
901 5
420 1
28 1
360 7
157 9
620 1
796 7
814 6
473 6
986 7
7 8
152 6
675 2
776 4
971 9
478 1
506 7
819 8
369 8
824 7
978 1
171 5
387 4
228 6
765 0
981 1
398 6
52 4
214 8
887 9
898 9
257 8
62 2
534 3
867 9
979 3
812 5
757 5
706 9
234 5
937 2
360 8
627 2
338 0
641 8
196 7
869 1
154 4
448 5
820 3
553 1
588 1
121 4
114 4
370 6
973 1
102 6
873 8
545 1
669 2
983 1
729 7
807 2
417 4
949 2
546 2
548 5
181 5
851 6
551 4
831 4
801 1
660 3
914 8
54 8
629 1
701 2
421 8
552 0
36 3
728 7
878 6
854 0
742 6
999 0
624 9
780 2
275 0
777 9
518 0
235 2
304 5
378 3
773 6
456 9
694 9
220 2
869 2
190 6
689 6
153 7
501 5
251 8
366 4
756 5
158 9
618 2
765 6
761 3
365 4
925 5
266 2
925 9
399 8
18 5
544 5
86 4
33 4
600 8
409 1
39 6
300 9
914 3
925 7
886 6
556 1
969 1
502 0
334 8
802 1
188 0
843 8
663 5
583 5
643 1
982 7
509 9
566 8
442 9
504 0
4 8
726 5
936 2
875 2
315 2
428 5
553 2
268 6
921 1
112 9
847 0
383 7
751 1
419 6
557 5
231 3
815 7
834 9
153 8
215 4
812 2
288 4
882 4
734 1
390 9
942 7
896 4
52 2
939 2
380 3
534 5
223 4
863 6
965 9
300 4
195 5
564 8
843 5
153 6
690 9
808 4
97 3
31 0
850 3
530 9
516 5
